Building DAG of jobs...
Using shell: /usr/bin/bash
Provided cores: 1 (use --cores to define parallelism)
Rules claiming more threads will be scaled down.
Job counts:
	count	jobs
	1	all
	46	run_idr
	47

[Thu Aug 18 09:42:45 2022]
Job 235: Run IDR pairwise...

[Thu Aug 18 09:47:56 2022]
Finished job 235.
1 of 47 steps (2%) done

[Thu Aug 18 09:47:56 2022]
Job 226: Run IDR pairwise...

[Thu Aug 18 09:50:35 2022]
Finished job 226.
2 of 47 steps (4%) done

[Thu Aug 18 09:50:35 2022]
Job 222: Run IDR pairwise...

[Thu Aug 18 09:51:16 2022]
Finished job 222.
3 of 47 steps (6%) done

[Thu Aug 18 09:51:16 2022]
Job 202: Run IDR pairwise...

[Thu Aug 18 09:54:31 2022]
Finished job 202.
4 of 47 steps (9%) done

[Thu Aug 18 09:54:31 2022]
Job 234: Run IDR pairwise...

[Thu Aug 18 09:56:47 2022]
Finished job 234.
5 of 47 steps (11%) done

[Thu Aug 18 09:56:47 2022]
Job 224: Run IDR pairwise...

[Thu Aug 18 10:00:37 2022]
Finished job 224.
6 of 47 steps (13%) done

[Thu Aug 18 10:00:37 2022]
Job 200: Run IDR pairwise...

[Thu Aug 18 10:02:07 2022]
Finished job 200.
7 of 47 steps (15%) done

[Thu Aug 18 10:02:07 2022]
Job 201: Run IDR pairwise...

[Thu Aug 18 10:02:07 2022]
Finished job 201.
8 of 47 steps (17%) done

[Thu Aug 18 10:02:07 2022]
Job 204: Run IDR pairwise...

[Thu Aug 18 10:05:33 2022]
Finished job 204.
9 of 47 steps (19%) done

[Thu Aug 18 10:05:33 2022]
Job 205: Run IDR pairwise...

[Thu Aug 18 10:07:08 2022]
Finished job 205.
10 of 47 steps (21%) done

[Thu Aug 18 10:07:08 2022]
Job 223: Run IDR pairwise...

[Thu Aug 18 10:09:49 2022]
Finished job 223.
11 of 47 steps (23%) done

[Thu Aug 18 10:09:49 2022]
Job 215: Run IDR pairwise...

[Thu Aug 18 10:13:13 2022]
Finished job 215.
12 of 47 steps (26%) done

[Thu Aug 18 10:13:13 2022]
Job 214: Run IDR pairwise...

[Thu Aug 18 10:15:42 2022]
Finished job 214.
13 of 47 steps (28%) done

[Thu Aug 18 10:15:42 2022]
Job 227: Run IDR pairwise...

[Thu Aug 18 10:16:37 2022]
Finished job 227.
14 of 47 steps (30%) done

[Thu Aug 18 10:16:37 2022]
Job 233: Run IDR pairwise...

[Thu Aug 18 10:16:37 2022]
Finished job 233.
15 of 47 steps (32%) done

[Thu Aug 18 10:16:37 2022]
Job 217: Run IDR pairwise...

[Thu Aug 18 10:18:11 2022]
Finished job 217.
16 of 47 steps (34%) done

[Thu Aug 18 10:18:11 2022]
Job 208: Run IDR pairwise...

[Thu Aug 18 10:23:01 2022]
Finished job 208.
17 of 47 steps (36%) done

[Thu Aug 18 10:23:01 2022]
Job 237: Run IDR pairwise...

[Thu Aug 18 10:29:02 2022]
Finished job 237.
18 of 47 steps (38%) done

[Thu Aug 18 10:29:02 2022]
Job 228: Run IDR pairwise...

[Thu Aug 18 10:30:18 2022]
Finished job 228.
19 of 47 steps (40%) done

[Thu Aug 18 10:30:18 2022]
Job 236: Run IDR pairwise...

[Thu Aug 18 10:32:40 2022]
Finished job 236.
20 of 47 steps (43%) done

[Thu Aug 18 10:32:40 2022]
Job 203: Run IDR pairwise...

[Thu Aug 18 10:32:41 2022]
Finished job 203.
21 of 47 steps (45%) done

[Thu Aug 18 10:32:41 2022]
Job 216: Run IDR pairwise...

[Thu Aug 18 10:32:41 2022]
Finished job 216.
22 of 47 steps (47%) done

[Thu Aug 18 10:32:41 2022]
Job 212: Run IDR pairwise...

[Thu Aug 18 10:33:38 2022]
Finished job 212.
23 of 47 steps (49%) done

[Thu Aug 18 10:33:38 2022]
Job 230: Run IDR pairwise...

[Thu Aug 18 10:33:38 2022]
Finished job 230.
24 of 47 steps (51%) done

[Thu Aug 18 10:33:38 2022]
Job 232: Run IDR pairwise...

[Thu Aug 18 10:33:38 2022]
Finished job 232.
25 of 47 steps (53%) done

[Thu Aug 18 10:33:38 2022]
Job 218: Run IDR pairwise...

[Thu Aug 18 10:37:42 2022]
Finished job 218.
26 of 47 steps (55%) done

[Thu Aug 18 10:37:42 2022]
Job 231: Run IDR pairwise...

[Thu Aug 18 10:37:42 2022]
Finished job 231.
27 of 47 steps (57%) done

[Thu Aug 18 10:37:42 2022]
Job 238: Run IDR pairwise...

[Thu Aug 18 10:37:42 2022]
Finished job 238.
28 of 47 steps (60%) done

[Thu Aug 18 10:37:42 2022]
Job 220: Run IDR pairwise...

[Thu Aug 18 10:39:35 2022]
Finished job 220.
29 of 47 steps (62%) done

[Thu Aug 18 10:39:35 2022]
Job 198: Run IDR pairwise...

[Thu Aug 18 10:42:09 2022]
Finished job 198.
30 of 47 steps (64%) done

[Thu Aug 18 10:42:09 2022]
Job 219: Run IDR pairwise...

[Thu Aug 18 10:42:09 2022]
Finished job 219.
31 of 47 steps (66%) done

[Thu Aug 18 10:42:09 2022]
Job 199: Run IDR pairwise...

[Thu Aug 18 10:42:54 2022]
Finished job 199.
32 of 47 steps (68%) done

[Thu Aug 18 10:42:54 2022]
Job 207: Run IDR pairwise...

[Thu Aug 18 10:44:49 2022]
Finished job 207.
33 of 47 steps (70%) done

[Thu Aug 18 10:44:49 2022]
Job 206: Run IDR pairwise...

[Thu Aug 18 10:44:50 2022]
Finished job 206.
34 of 47 steps (72%) done

[Thu Aug 18 10:44:50 2022]
Job 197: Run IDR pairwise...

[Thu Aug 18 10:44:50 2022]
Finished job 197.
35 of 47 steps (74%) done

[Thu Aug 18 10:44:50 2022]
Job 213: Run IDR pairwise...

[Thu Aug 18 10:44:50 2022]
Finished job 213.
36 of 47 steps (77%) done

[Thu Aug 18 10:44:50 2022]
Job 225: Run IDR pairwise...

[Thu Aug 18 10:45:45 2022]
Finished job 225.
37 of 47 steps (79%) done

[Thu Aug 18 10:45:45 2022]
Job 211: Run IDR pairwise...

[Thu Aug 18 10:46:33 2022]
Finished job 211.
38 of 47 steps (81%) done

[Thu Aug 18 10:46:33 2022]
Job 210: Run IDR pairwise...

[Thu Aug 18 10:47:23 2022]
Finished job 210.
39 of 47 steps (83%) done

[Thu Aug 18 10:47:23 2022]
Job 209: Run IDR pairwise...

[Thu Aug 18 10:47:23 2022]
Finished job 209.
40 of 47 steps (85%) done

[Thu Aug 18 10:47:23 2022]
Job 241: Run IDR pairwise...

[Thu Aug 18 10:48:15 2022]
Finished job 241.
41 of 47 steps (87%) done

[Thu Aug 18 10:48:15 2022]
Job 221: Run IDR pairwise...

[Thu Aug 18 10:48:27 2022]
Finished job 221.
42 of 47 steps (89%) done

[Thu Aug 18 10:48:27 2022]
Job 242: Run IDR pairwise...

[Thu Aug 18 10:48:27 2022]
Finished job 242.
43 of 47 steps (91%) done

[Thu Aug 18 10:48:27 2022]
Job 240: Run IDR pairwise...

[Thu Aug 18 10:49:25 2022]
Finished job 240.
44 of 47 steps (94%) done

[Thu Aug 18 10:49:25 2022]
Job 239: Run IDR pairwise...

[Thu Aug 18 10:49:26 2022]
Finished job 239.
45 of 47 steps (96%) done

[Thu Aug 18 10:49:26 2022]
Job 229: Run IDR pairwise...

[Thu Aug 18 10:49:26 2022]
Finished job 229.
46 of 47 steps (98%) done

[Thu Aug 18 10:49:26 2022]
localrule all:
    input: bw/dm6/atac/individual/orer_1to15_atac_4.bw, bw/dm6/atac/individual/orer_1to15_atac_6.bw, bw/dm6/atac/individual/orer_1to15_atac_7.bw, bw/dm6/atac/individual/orer_15to2_atac_4.bw, bw/dm6/atac/individual/orer_15to2_atac_6.bw, bw/dm6/atac/individual/orer_15to2_atac_7.bw, bw/dm6/atac/individual/orer_2to25_atac_4.bw, bw/dm6/atac/individual/orer_2to25_atac_6.bw, bw/dm6/atac/individual/orer_2to25_atac_7.bw, bw/dm6/atac/individual/orer_25to3_atac_4.bw, bw/dm6/atac/individual/orer_25to3_atac_6.bw, bw/dm6/atac/individual/orer_25to3_atac_7.bw, bw/dm6/atac/individual/gd7_1to15_atac_3.bw, bw/dm6/atac/individual/gd7_1to15_atac_5.bw, bw/dm6/atac/individual/gd7_1to15_atac_6.bw, bw/dm6/atac/individual/gd7_15to2_atac_3.bw, bw/dm6/atac/individual/gd7_15to2_atac_5.bw, bw/dm6/atac/individual/gd7_15to2_atac_6.bw, bw/dm6/atac/individual/gd7_2to25_atac_3.bw, bw/dm6/atac/individual/gd7_2to25_atac_5.bw, bw/dm6/atac/individual/gd7_2to25_atac_6.bw, bw/dm6/atac/individual/gd7_25to3_atac_3.bw, bw/dm6/atac/individual/gd7_25to3_atac_5.bw, bw/dm6/atac/individual/gd7_25to3_atac_6.bw, bw/dm6/atac/individual/zldrnai_1to15_atac_1.bw, bw/dm6/atac/individual/zldrnai_15to2_atac_1.bw, bw/dm6/atac/individual/zldrnai_2to25_atac_1.bw, bw/dm6/atac/individual/zldrnai_25to3_atac_1.bw, bw/dm6/atac/individual/zldrnai_1to15_atac_2.bw, bw/dm6/atac/individual/zldrnai_15to2_atac_2.bw, bw/dm6/atac/individual/zldrnai_2to25_atac_2.bw, bw/dm6/atac/individual/zldrnai_25to3_atac_2.bw, bw/dm6/atac/individual/zldrnai_1to15_atac_3.bw, bw/dm6/atac/individual/zldrnai_15to2_atac_3.bw, bw/dm6/atac/individual/zldrnai_2to25_atac_3.bw, bw/dm6/atac/individual/zldrnai_25to3_atac_3.bw, bw/dm6/atac/individual/cic6_2to25_atac_1.bw, bw/dm6/atac/individual/cic6_2to25_atac_2.bw, bw/dm6/atac/individual/cic6_2to25_atac_3.bw, bw/dm6/atac/individual/cic6_25to3_atac_1.bw, bw/dm6/atac/individual/cic6_25to3_atac_2.bw, bw/dm6/atac/individual/cic6_25to3_atac_3.bw, bw/dm6/atac/individual/gd7_2to4_atac_1.bw, bw/dm6/atac/individual/gd7_2to4_atac_2.bw, bw/dm6/atac/individual/toll10b_2to4_atac_1.bw, bw/dm6/atac/individual/toll10b_2to4_atac_2.bw, bw/dm6/mnase/individual/orer_mbt_100u_mnase_1.bw, bw/dm6/mnase/individual/orer_mbt_100u_mnase_2.bw, bw/dm6/mnase/individual/orer_mbt_100u_mnase_3.bw, bw/dm6/mnase/individual/gd7_2to4_mono_mnase_1.bw, bw/dm6/mnase/individual/gd7_2to4_mono_mnase_2.bw, bw/dm6/mnase/individual/toll10b_2to4_mono_mnase_1.bw, bw/dm6/mnase/individual/toll10b_2to4_mono_mnase_2.bw, bw/dm6/nexus/individual/orer_zld_mbt_nexus_1_positive.bw, bw/dm6/nexus/individual/orer_zld_mbt_nexus_3_positive.bw, bw/dm6/nexus/individual/orer_zld_mbt_nexus_4_positive.bw, bw/dm6/nexus/individual/orer_bcd_mbt_nexus_1_positive.bw, bw/dm6/nexus/individual/orer_bcd_mbt_nexus_2_positive.bw, bw/dm6/nexus/individual/orer_bcd_mbt_nexus_3_positive.bw, bw/dm6/nexus/individual/orer_cad_mbt_nexus_1_positive.bw, bw/dm6/nexus/individual/orer_cad_mbt_nexus_2_positive.bw, bw/dm6/nexus/individual/orer_cad_mbt_nexus_3_positive.bw, bw/dm6/nexus/individual/orer_dl_mbt_nexus_1_positive.bw, bw/dm6/nexus/individual/orer_dl_mbt_nexus_2_positive.bw, bw/dm6/nexus/individual/orer_dl_mbt_nexus_3_positive.bw, bw/dm6/nexus/individual/orer_twi_mbt_nexus_1_positive.bw, bw/dm6/nexus/individual/orer_twi_mbt_nexus_2_positive.bw, bw/dm6/nexus/individual/orer_twi_mbt_nexus_3_positive.bw, bw/dm6/nexus/individual/orer_gaf_mbt_nexus_1_positive.bw, bw/dm6/nexus/individual/orer_gaf_mbt_nexus_3_positive.bw, bw/dm6/nexus/individual/orer_gaf_mbt_nexus_4_positive.bw, bw/dm6/seq/individual/orer_h3k27ac_mbt_seq_1.bw, bw/dm6/seq/individual/orer_h3k27ac_mbt_seq_2.bw, bw/dm6/seq/individual/orer_h3k4me1_mbt_seq_1.bw, bw/dm6/seq/individual/orer_h3k4me1_mbt_seq_2.bw, bw/dm6/seq/individual/orer_wce_mbt_seq_1.bw, bw/dm6/atac/combined/orer_1to15_atac_combined.bw, bw/dm6/atac/combined/orer_15to2_atac_combined.bw, bw/dm6/atac/combined/orer_2to25_atac_combined.bw, bw/dm6/atac/combined/orer_25to3_atac_combined.bw, bw/dm6/atac/combined/gd7_1to15_atac_combined.bw, bw/dm6/atac/combined/gd7_15to2_atac_combined.bw, bw/dm6/atac/combined/gd7_2to25_atac_combined.bw, bw/dm6/atac/combined/gd7_25to3_atac_combined.bw, bw/dm6/atac/combined/zldrnai_1to15_atac_combined.bw, bw/dm6/atac/combined/zldrnai_15to2_atac_combined.bw, bw/dm6/atac/combined/zldrnai_2to25_atac_combined.bw, bw/dm6/atac/combined/zldrnai_25to3_atac_combined.bw, bw/dm6/atac/combined/cic6_2to25_atac_combined.bw, bw/dm6/atac/combined/cic6_25to3_atac_combined.bw, bw/dm6/atac/combined/gd7_2to4_atac_combined.bw, bw/dm6/atac/combined/toll10b_2to4_atac_combined.bw, bw/dm6/mnase/combined/orer_mbt_100u_mnase_combined.bw, bw/dm6/mnase/combined/gd7_2to4_mono_mnase_combined.bw, bw/dm6/mnase/combined/toll10b_2to4_mono_mnase_combined.bw, bw/dm6/nexus/combined/orer_zld_mbt_nexus_combined_positive.bw, bw/dm6/nexus/combined/orer_bcd_mbt_nexus_combined_positive.bw, bw/dm6/nexus/combined/orer_cad_mbt_nexus_combined_positive.bw, bw/dm6/nexus/combined/orer_dl_mbt_nexus_combined_positive.bw, bw/dm6/nexus/combined/orer_twi_mbt_nexus_combined_positive.bw, bw/dm6/nexus/combined/orer_gaf_mbt_nexus_combined_positive.bw, bw/dm6/seq/combined/orer_h3k27ac_mbt_seq_combined.bw, bw/dm6/seq/combined/orer_h3k27ac_mbt_seq_combined.bw, bw/dm6/seq/combined/orer_h3k4me1_mbt_seq_combined.bw, bw/dm6/seq/combined/orer_h3k4me1_mbt_seq_combined.bw, bw/dm6/seq/combined/orer_wce_mbt_seq_combined.bw, peaks/dm6/atac/individual/orer_1to15_atac_4_peaks.narrowPeak, peaks/dm6/atac/individual/orer_1to15_atac_6_peaks.narrowPeak, peaks/dm6/atac/individual/orer_1to15_atac_7_peaks.narrowPeak, peaks/dm6/atac/individual/orer_15to2_atac_4_peaks.narrowPeak, peaks/dm6/atac/individual/orer_15to2_atac_6_peaks.narrowPeak, peaks/dm6/atac/individual/orer_15to2_atac_7_peaks.narrowPeak, peaks/dm6/atac/individual/orer_2to25_atac_4_peaks.narrowPeak, peaks/dm6/atac/individual/orer_2to25_atac_6_peaks.narrowPeak, peaks/dm6/atac/individual/orer_2to25_atac_7_peaks.narrowPeak, peaks/dm6/atac/individual/orer_25to3_atac_4_peaks.narrowPeak, peaks/dm6/atac/individual/orer_25to3_atac_6_peaks.narrowPeak, peaks/dm6/atac/individual/orer_25to3_atac_7_peaks.narrowPeak, peaks/dm6/atac/individual/gd7_1to15_atac_3_peaks.narrowPeak, peaks/dm6/atac/individual/gd7_1to15_atac_5_peaks.narrowPeak, peaks/dm6/atac/individual/gd7_1to15_atac_6_peaks.narrowPeak, peaks/dm6/atac/individual/gd7_15to2_atac_3_peaks.narrowPeak, peaks/dm6/atac/individual/gd7_15to2_atac_5_peaks.narrowPeak, peaks/dm6/atac/individual/gd7_15to2_atac_6_peaks.narrowPeak, peaks/dm6/atac/individual/gd7_2to25_atac_3_peaks.narrowPeak, peaks/dm6/atac/individual/gd7_2to25_atac_5_peaks.narrowPeak, peaks/dm6/atac/individual/gd7_2to25_atac_6_peaks.narrowPeak, peaks/dm6/atac/individual/gd7_25to3_atac_3_peaks.narrowPeak, peaks/dm6/atac/individual/gd7_25to3_atac_5_peaks.narrowPeak, peaks/dm6/atac/individual/gd7_25to3_atac_6_peaks.narrowPeak, peaks/dm6/atac/individual/zldrnai_1to15_atac_1_peaks.narrowPeak, peaks/dm6/atac/individual/zldrnai_15to2_atac_1_peaks.narrowPeak, peaks/dm6/atac/individual/zldrnai_2to25_atac_1_peaks.narrowPeak, peaks/dm6/atac/individual/zldrnai_25to3_atac_1_peaks.narrowPeak, peaks/dm6/atac/individual/zldrnai_1to15_atac_2_peaks.narrowPeak, peaks/dm6/atac/individual/zldrnai_15to2_atac_2_peaks.narrowPeak, peaks/dm6/atac/individual/zldrnai_2to25_atac_2_peaks.narrowPeak, peaks/dm6/atac/individual/zldrnai_25to3_atac_2_peaks.narrowPeak, peaks/dm6/atac/individual/zldrnai_1to15_atac_3_peaks.narrowPeak, peaks/dm6/atac/individual/zldrnai_15to2_atac_3_peaks.narrowPeak, peaks/dm6/atac/individual/zldrnai_2to25_atac_3_peaks.narrowPeak, peaks/dm6/atac/individual/zldrnai_25to3_atac_3_peaks.narrowPeak, peaks/dm6/atac/individual/cic6_2to25_atac_1_peaks.narrowPeak, peaks/dm6/atac/individual/cic6_2to25_atac_2_peaks.narrowPeak, peaks/dm6/atac/individual/cic6_2to25_atac_3_peaks.narrowPeak, peaks/dm6/atac/individual/cic6_25to3_atac_1_peaks.narrowPeak, peaks/dm6/atac/individual/cic6_25to3_atac_2_peaks.narrowPeak, peaks/dm6/atac/individual/cic6_25to3_atac_3_peaks.narrowPeak, peaks/dm6/atac/individual/gd7_2to4_atac_1_peaks.narrowPeak, peaks/dm6/atac/individual/gd7_2to4_atac_2_peaks.narrowPeak, peaks/dm6/atac/individual/toll10b_2to4_atac_1_peaks.narrowPeak, peaks/dm6/atac/individual/toll10b_2to4_atac_2_peaks.narrowPeak, peaks/dm6/nexus/individual/orer_zld_mbt_nexus_1_peaks.narrowPeak, peaks/dm6/nexus/individual/orer_zld_mbt_nexus_3_peaks.narrowPeak, peaks/dm6/nexus/individual/orer_zld_mbt_nexus_4_peaks.narrowPeak, peaks/dm6/nexus/individual/orer_bcd_mbt_nexus_1_peaks.narrowPeak, peaks/dm6/nexus/individual/orer_bcd_mbt_nexus_2_peaks.narrowPeak, peaks/dm6/nexus/individual/orer_bcd_mbt_nexus_3_peaks.narrowPeak, peaks/dm6/nexus/individual/orer_cad_mbt_nexus_1_peaks.narrowPeak, peaks/dm6/nexus/individual/orer_cad_mbt_nexus_2_peaks.narrowPeak, peaks/dm6/nexus/individual/orer_cad_mbt_nexus_3_peaks.narrowPeak, peaks/dm6/nexus/individual/orer_dl_mbt_nexus_1_peaks.narrowPeak, peaks/dm6/nexus/individual/orer_dl_mbt_nexus_2_peaks.narrowPeak, peaks/dm6/nexus/individual/orer_dl_mbt_nexus_3_peaks.narrowPeak, peaks/dm6/nexus/individual/orer_twi_mbt_nexus_1_peaks.narrowPeak, peaks/dm6/nexus/individual/orer_twi_mbt_nexus_2_peaks.narrowPeak, peaks/dm6/nexus/individual/orer_twi_mbt_nexus_3_peaks.narrowPeak, peaks/dm6/nexus/individual/orer_gaf_mbt_nexus_1_peaks.narrowPeak, peaks/dm6/nexus/individual/orer_gaf_mbt_nexus_3_peaks.narrowPeak, peaks/dm6/nexus/individual/orer_gaf_mbt_nexus_4_peaks.narrowPeak, peaks/dm6/seq/individual/orer_h3k27ac_mbt_seq_1_peaks.narrowPeak, peaks/dm6/seq/individual/orer_h3k27ac_mbt_seq_2_peaks.narrowPeak, peaks/dm6/seq/individual/orer_h3k4me1_mbt_seq_1_peaks.narrowPeak, peaks/dm6/seq/individual/orer_h3k4me1_mbt_seq_2_peaks.narrowPeak, peaks/dm6/atac/combined/orer_1to15_atac_combined_peaks.narrowPeak, peaks/dm6/atac/combined/orer_15to2_atac_combined_peaks.narrowPeak, peaks/dm6/atac/combined/orer_2to25_atac_combined_peaks.narrowPeak, peaks/dm6/atac/combined/orer_25to3_atac_combined_peaks.narrowPeak, peaks/dm6/atac/combined/gd7_1to15_atac_combined_peaks.narrowPeak, peaks/dm6/atac/combined/gd7_15to2_atac_combined_peaks.narrowPeak, peaks/dm6/atac/combined/gd7_2to25_atac_combined_peaks.narrowPeak, peaks/dm6/atac/combined/gd7_25to3_atac_combined_peaks.narrowPeak, peaks/dm6/atac/combined/zldrnai_1to15_atac_combined_peaks.narrowPeak, peaks/dm6/atac/combined/zldrnai_15to2_atac_combined_peaks.narrowPeak, peaks/dm6/atac/combined/zldrnai_2to25_atac_combined_peaks.narrowPeak, peaks/dm6/atac/combined/zldrnai_25to3_atac_combined_peaks.narrowPeak, peaks/dm6/atac/combined/cic6_2to25_atac_combined_peaks.narrowPeak, peaks/dm6/atac/combined/cic6_25to3_atac_combined_peaks.narrowPeak, peaks/dm6/atac/combined/gd7_2to4_atac_combined_peaks.narrowPeak, peaks/dm6/atac/combined/toll10b_2to4_atac_combined_peaks.narrowPeak, peaks/dm6/nexus/combined/orer_zld_mbt_nexus_combined_peaks.narrowPeak, peaks/dm6/nexus/combined/orer_bcd_mbt_nexus_combined_peaks.narrowPeak, peaks/dm6/nexus/combined/orer_cad_mbt_nexus_combined_peaks.narrowPeak, peaks/dm6/nexus/combined/orer_dl_mbt_nexus_combined_peaks.narrowPeak, peaks/dm6/nexus/combined/orer_twi_mbt_nexus_combined_peaks.narrowPeak, peaks/dm6/nexus/combined/orer_gaf_mbt_nexus_combined_peaks.narrowPeak, peaks/dm6/seq/combined/orer_h3k27ac_mbt_seq_combined_peaks.narrowPeak, peaks/dm6/seq/combined/orer_h3k27ac_mbt_seq_combined_peaks.narrowPeak, peaks/dm6/seq/combined/orer_h3k4me1_mbt_seq_combined_peaks.narrowPeak, peaks/dm6/seq/combined/orer_h3k4me1_mbt_seq_combined_peaks.narrowPeak, idr/dm6/atac/orer_1to15_atac/orer_1to15_atac_4.log, idr/dm6/atac/orer_1to15_atac/orer_1to15_atac_6.log, idr/dm6/atac/orer_1to15_atac/orer_1to15_atac_7.log, idr/dm6/atac/orer_15to2_atac/orer_15to2_atac_4.log, idr/dm6/atac/orer_15to2_atac/orer_15to2_atac_6.log, idr/dm6/atac/orer_15to2_atac/orer_15to2_atac_7.log, idr/dm6/atac/orer_2to25_atac/orer_2to25_atac_4.log, idr/dm6/atac/orer_2to25_atac/orer_2to25_atac_6.log, idr/dm6/atac/orer_2to25_atac/orer_2to25_atac_7.log, idr/dm6/atac/orer_25to3_atac/orer_25to3_atac_4.log, idr/dm6/atac/orer_25to3_atac/orer_25to3_atac_6.log, idr/dm6/atac/orer_25to3_atac/orer_25to3_atac_7.log, idr/dm6/atac/gd7_1to15_atac/gd7_1to15_atac_3.log, idr/dm6/atac/gd7_1to15_atac/gd7_1to15_atac_5.log, idr/dm6/atac/gd7_1to15_atac/gd7_1to15_atac_6.log, idr/dm6/atac/gd7_15to2_atac/gd7_15to2_atac_3.log, idr/dm6/atac/gd7_15to2_atac/gd7_15to2_atac_5.log, idr/dm6/atac/gd7_15to2_atac/gd7_15to2_atac_6.log, idr/dm6/atac/gd7_2to25_atac/gd7_2to25_atac_3.log, idr/dm6/atac/gd7_2to25_atac/gd7_2to25_atac_5.log, idr/dm6/atac/gd7_2to25_atac/gd7_2to25_atac_6.log, idr/dm6/atac/gd7_25to3_atac/gd7_25to3_atac_3.log, idr/dm6/atac/gd7_25to3_atac/gd7_25to3_atac_5.log, idr/dm6/atac/gd7_25to3_atac/gd7_25to3_atac_6.log, idr/dm6/atac/zldrnai_1to15_atac/zldrnai_1to15_atac_1.log, idr/dm6/atac/zldrnai_15to2_atac/zldrnai_15to2_atac_1.log, idr/dm6/atac/zldrnai_2to25_atac/zldrnai_2to25_atac_1.log, idr/dm6/atac/zldrnai_25to3_atac/zldrnai_25to3_atac_1.log, idr/dm6/atac/zldrnai_1to15_atac/zldrnai_1to15_atac_2.log, idr/dm6/atac/zldrnai_15to2_atac/zldrnai_15to2_atac_2.log, idr/dm6/atac/zldrnai_2to25_atac/zldrnai_2to25_atac_2.log, idr/dm6/atac/zldrnai_25to3_atac/zldrnai_25to3_atac_2.log, idr/dm6/atac/zldrnai_1to15_atac/zldrnai_1to15_atac_3.log, idr/dm6/atac/zldrnai_15to2_atac/zldrnai_15to2_atac_3.log, idr/dm6/atac/zldrnai_2to25_atac/zldrnai_2to25_atac_3.log, idr/dm6/atac/zldrnai_25to3_atac/zldrnai_25to3_atac_3.log, idr/dm6/atac/cic6_2to25_atac/cic6_2to25_atac_1.log, idr/dm6/atac/cic6_2to25_atac/cic6_2to25_atac_2.log, idr/dm6/atac/cic6_2to25_atac/cic6_2to25_atac_3.log, idr/dm6/atac/cic6_25to3_atac/cic6_25to3_atac_1.log, idr/dm6/atac/cic6_25to3_atac/cic6_25to3_atac_2.log, idr/dm6/atac/cic6_25to3_atac/cic6_25to3_atac_3.log, idr/dm6/atac/gd7_2to4_atac/gd7_2to4_atac_1.log, idr/dm6/atac/gd7_2to4_atac/gd7_2to4_atac_2.log, idr/dm6/atac/toll10b_2to4_atac/toll10b_2to4_atac_1.log, idr/dm6/atac/toll10b_2to4_atac/toll10b_2to4_atac_2.log, idr/dm6/nexus/orer_zld_mbt_nexus/orer_zld_mbt_nexus_1.log, idr/dm6/nexus/orer_zld_mbt_nexus/orer_zld_mbt_nexus_3.log, idr/dm6/nexus/orer_zld_mbt_nexus/orer_zld_mbt_nexus_4.log, idr/dm6/nexus/orer_bcd_mbt_nexus/orer_bcd_mbt_nexus_1.log, idr/dm6/nexus/orer_bcd_mbt_nexus/orer_bcd_mbt_nexus_2.log, idr/dm6/nexus/orer_bcd_mbt_nexus/orer_bcd_mbt_nexus_3.log, idr/dm6/nexus/orer_cad_mbt_nexus/orer_cad_mbt_nexus_1.log, idr/dm6/nexus/orer_cad_mbt_nexus/orer_cad_mbt_nexus_2.log, idr/dm6/nexus/orer_cad_mbt_nexus/orer_cad_mbt_nexus_3.log, idr/dm6/nexus/orer_dl_mbt_nexus/orer_dl_mbt_nexus_1.log, idr/dm6/nexus/orer_dl_mbt_nexus/orer_dl_mbt_nexus_2.log, idr/dm6/nexus/orer_dl_mbt_nexus/orer_dl_mbt_nexus_3.log, idr/dm6/nexus/orer_twi_mbt_nexus/orer_twi_mbt_nexus_1.log, idr/dm6/nexus/orer_twi_mbt_nexus/orer_twi_mbt_nexus_2.log, idr/dm6/nexus/orer_twi_mbt_nexus/orer_twi_mbt_nexus_3.log, idr/dm6/nexus/orer_gaf_mbt_nexus/orer_gaf_mbt_nexus_1.log, idr/dm6/nexus/orer_gaf_mbt_nexus/orer_gaf_mbt_nexus_3.log, idr/dm6/nexus/orer_gaf_mbt_nexus/orer_gaf_mbt_nexus_4.log, idr/dm6/seq/orer_h3k27ac_mbt_seq/orer_h3k27ac_mbt_seq_1.log, idr/dm6/seq/orer_h3k27ac_mbt_seq/orer_h3k27ac_mbt_seq_2.log, idr/dm6/seq/orer_h3k4me1_mbt_seq/orer_h3k4me1_mbt_seq_1.log, idr/dm6/seq/orer_h3k4me1_mbt_seq/orer_h3k4me1_mbt_seq_2.log, bw/dm6/seq/individual/orer_h3k27ac_mbt_seq_1_log2_normalized.bw, bw/dm6/seq/individual/orer_h3k27ac_mbt_seq_2_log2_normalized.bw, bw/dm6/seq/individual/orer_h3k4me1_mbt_seq_1_log2_normalized.bw, bw/dm6/seq/individual/orer_h3k4me1_mbt_seq_2_log2_normalized.bw, bw/dm6/seq/combined/orer_h3k27ac_mbt_seq_combined_log2_normalized.bw, bw/dm6/seq/combined/orer_h3k4me1_mbt_seq_combined_log2_normalized.bw
    jobid: 0

[Thu Aug 18 10:49:26 2022]
Finished job 0.
47 of 47 steps (100%) done
Complete log: /l/Zeitlinger/ZeitlingerLab/Manuscripts/Zelda_and_Nucleosomes/Analysis/data/.snakemake/log/2022-08-18T094243.986077.snakemake.log
