Building DAG of jobs...
Using shell: /usr/bin/bash
Provided cores: 4
Rules claiming more threads will be scaled down.
Job counts:
	count	jobs
	1	all
	16	combined_bam_to_combined_bw
	46	individual_bam_to_individual_bw
	62	run_peak_calling
	125

[Mon Aug 15 16:02:53 2022]
Job 88: Computing coverage of .bam file...

[Mon Aug 15 16:02:53 2022]
Job 79: Computing coverage of .bam file...

[Mon Aug 15 16:02:54 2022]
Job 80: Computing coverage of .bam file...

[Mon Aug 15 16:02:54 2022]
Job 78: Computing coverage of .bam file...

Will exit after finishing currently running jobs.
Will exit after finishing currently running jobs.
Shutting down, this might take some time.
Complete log: /l/Zeitlinger/ZeitlingerLab/Manuscripts/Zelda_and_Nucleosomes/Analysis/data/.snakemake/log/2022-08-15T160250.768587.snakemake.log
