Building DAG of jobs...
Using shell: /usr/bin/bash
Provided cores: 6
Rules claiming more threads will be scaled down.
Job counts:
	count	jobs
	1	all
	20	combined_bam_to_combined_bw
	68	individual_bam_to_individual_bw
	89

[Thu Jun 30 16:49:20 2022]
Job 70: Computing coverage of .bam file...

[Thu Jun 30 16:49:20 2022]
Job 83: Computing coverage of .bam file...

[Thu Jun 30 16:49:20 2022]
Job 82: Computing coverage of .bam file...

[Thu Jun 30 16:49:20 2022]
Job 75: Computing coverage of .bam file...

[Thu Jun 30 16:49:21 2022]
Job 76: Computing coverage of .bam file...

[Thu Jun 30 16:49:21 2022]
Job 78: Computing coverage of .bam file...

[Thu Jun 30 17:53:32 2022]
Finished job 83.
1 of 89 steps (1%) done

[Thu Jun 30 17:53:32 2022]
Job 79: Computing coverage of .bam file...

[Thu Jun 30 19:12:42 2022]
Finished job 78.
2 of 89 steps (2%) done

[Thu Jun 30 19:12:42 2022]
Job 69: Computing coverage of .bam file...

[Thu Jun 30 19:15:10 2022]
Finished job 82.
3 of 89 steps (3%) done

[Thu Jun 30 19:15:10 2022]
Job 81: Computing coverage of .bam file...

[Thu Jun 30 19:18:18 2022]
Finished job 75.
4 of 89 steps (4%) done

[Thu Jun 30 19:18:18 2022]
Job 45: Computing coverage of .bam file...

[Thu Jun 30 19:19:07 2022]
Finished job 76.
5 of 89 steps (6%) done

[Thu Jun 30 19:19:07 2022]
Job 73: Computing coverage of .bam file...

[Thu Jun 30 19:42:52 2022]
Finished job 45.
6 of 89 steps (7%) done

[Thu Jun 30 19:42:52 2022]
Job 44: Computing coverage of .bam file...

[Thu Jun 30 20:03:02 2022]
Finished job 79.
7 of 89 steps (8%) done

[Thu Jun 30 20:03:02 2022]
Job 43: Computing coverage of .bam file...

[Thu Jun 30 20:05:52 2022]
Finished job 44.
8 of 89 steps (9%) done

[Thu Jun 30 20:05:52 2022]
Job 4: Computing coverage of .bam file...

[Thu Jun 30 20:19:55 2022]
Finished job 70.
9 of 89 steps (10%) done

[Thu Jun 30 20:19:55 2022]
Job 28: Computing coverage of .bam file...

[Thu Jun 30 20:23:38 2022]
Finished job 43.
10 of 89 steps (11%) done

[Thu Jun 30 20:23:38 2022]
Job 6: Computing coverage of .bam file...

[Thu Jun 30 21:01:42 2022]
Finished job 73.
11 of 89 steps (12%) done

[Thu Jun 30 21:01:42 2022]
Job 77: Computing coverage of .bam file...

[Thu Jun 30 21:18:14 2022]
Finished job 81.
12 of 89 steps (13%) done

[Thu Jun 30 21:18:14 2022]
Job 11: Computing coverage of .bam file...

[Thu Jun 30 21:24:00 2022]
Finished job 4.
13 of 89 steps (15%) done

[Thu Jun 30 21:24:00 2022]
Job 30: Computing coverage of .bam file...

[Thu Jun 30 21:27:06 2022]
Finished job 28.
14 of 89 steps (16%) done

[Thu Jun 30 21:27:06 2022]
Job 9: Computing coverage of .bam file...

[Thu Jun 30 21:29:13 2022]
Finished job 6.
15 of 89 steps (17%) done

[Thu Jun 30 21:29:13 2022]
Job 41: Computing coverage of .bam file...

[Thu Jun 30 21:48:38 2022]
Finished job 69.
16 of 89 steps (18%) done

[Thu Jun 30 21:48:38 2022]
Job 16: Computing coverage of .bam file...

[Thu Jun 30 22:09:03 2022]
Finished job 77.
17 of 89 steps (19%) done

[Thu Jun 30 22:09:03 2022]
Job 21: Computing coverage of .bam file...

[Thu Jun 30 22:23:08 2022]
Finished job 11.
18 of 89 steps (20%) done

[Thu Jun 30 22:23:08 2022]
Job 12: Computing coverage of .bam file...

[Thu Jun 30 22:25:32 2022]
Finished job 30.
19 of 89 steps (21%) done

[Thu Jun 30 22:25:32 2022]
Job 26: Computing coverage of .bam file...

[Thu Jun 30 22:25:42 2022]
Finished job 41.
20 of 89 steps (22%) done

[Thu Jun 30 22:25:42 2022]
Job 5: Computing coverage of .bam file...

[Thu Jun 30 22:27:41 2022]
Finished job 9.
21 of 89 steps (24%) done

[Thu Jun 30 22:27:41 2022]
Job 40: Computing coverage of .bam file...

[Thu Jun 30 22:49:07 2022]
Finished job 16.
22 of 89 steps (25%) done

[Thu Jun 30 22:49:07 2022]
Job 8: Computing coverage of .bam file...

[Thu Jun 30 23:10:19 2022]
Finished job 21.
23 of 89 steps (26%) done

[Thu Jun 30 23:10:19 2022]
Job 27: Computing coverage of .bam file...

[Thu Jun 30 23:15:41 2022]
Finished job 12.
24 of 89 steps (27%) done

[Thu Jun 30 23:15:41 2022]
Job 39: Computing coverage of .bam file...

[Thu Jun 30 23:21:06 2022]
Finished job 40.
25 of 89 steps (28%) done

[Thu Jun 30 23:21:06 2022]
Job 18: Computing coverage of .bam file...

[Thu Jun 30 23:24:27 2022]
Finished job 26.
26 of 89 steps (29%) done

[Thu Jun 30 23:24:27 2022]
Job 23: Computing coverage of .bam file...

[Thu Jun 30 23:24:48 2022]
Finished job 5.
27 of 89 steps (30%) done

[Thu Jun 30 23:24:48 2022]
Job 3: Computing coverage of .bam file...

[Thu Jun 30 23:45:08 2022]
Finished job 8.
28 of 89 steps (31%) done

[Thu Jun 30 23:45:08 2022]
Job 24: Computing coverage of .bam file...

[Fri Jul  1 00:05:11 2022]
Finished job 27.
29 of 89 steps (33%) done

[Fri Jul  1 00:05:11 2022]
Job 7: Computing coverage of .bam file...

[Fri Jul  1 00:09:38 2022]
Finished job 39.
30 of 89 steps (34%) done

[Fri Jul  1 00:09:38 2022]
Job 36: Computing coverage of .bam file...

[Fri Jul  1 00:15:32 2022]
Finished job 18.
31 of 89 steps (35%) done

[Fri Jul  1 00:15:32 2022]
Job 10: Computing coverage of .bam file...

[Fri Jul  1 00:18:39 2022]
Finished job 3.
32 of 89 steps (36%) done

[Fri Jul  1 00:18:39 2022]
Job 38: Computing coverage of .bam file...

[Fri Jul  1 00:19:56 2022]
Finished job 23.
33 of 89 steps (37%) done

[Fri Jul  1 00:19:56 2022]
Job 19: Computing coverage of .bam file...

[Fri Jul  1 00:40:41 2022]
Finished job 24.
34 of 89 steps (38%) done

[Fri Jul  1 00:40:41 2022]
Job 32: Computing coverage of .bam file...

[Fri Jul  1 00:42:49 2022]
Finished job 36.
35 of 89 steps (39%) done

[Fri Jul  1 00:42:49 2022]
Job 2: Computing coverage of .bam file...

[Fri Jul  1 00:59:11 2022]
Finished job 7.
36 of 89 steps (40%) done

[Fri Jul  1 00:59:11 2022]
Job 31: Computing coverage of .bam file...

[Fri Jul  1 01:02:49 2022]
Finished job 38.
37 of 89 steps (42%) done

[Fri Jul  1 01:02:49 2022]
Job 17: Computing coverage of .bam file...

[Fri Jul  1 01:09:15 2022]
Finished job 19.
38 of 89 steps (43%) done

[Fri Jul  1 01:09:15 2022]
Job 20: Computing coverage of .bam file...

[Fri Jul  1 01:10:03 2022]
Finished job 10.
39 of 89 steps (44%) done

[Fri Jul  1 01:10:03 2022]
Job 22: Computing coverage of .bam file...

[Fri Jul  1 01:31:05 2022]
Finished job 32.
40 of 89 steps (45%) done

[Fri Jul  1 01:31:05 2022]
Job 1: Computing coverage of .bam file...

[Fri Jul  1 01:35:29 2022]
Finished job 2.
41 of 89 steps (46%) done

[Fri Jul  1 01:35:29 2022]
Job 15: Computing coverage of .bam file...

[Fri Jul  1 01:44:03 2022]
Finished job 31.
42 of 89 steps (47%) done

[Fri Jul  1 01:44:03 2022]
Job 29: Computing coverage of .bam file...

[Fri Jul  1 01:47:17 2022]
Finished job 17.
43 of 89 steps (48%) done

[Fri Jul  1 01:47:17 2022]
Job 90: Computing coverage of .bam file...

[Fri Jul  1 01:56:35 2022]
Finished job 22.
44 of 89 steps (49%) done

[Fri Jul  1 01:56:35 2022]
Job 35: Computing coverage of .bam file...

[Fri Jul  1 01:59:05 2022]
Finished job 20.
45 of 89 steps (51%) done

[Fri Jul  1 01:59:05 2022]
Job 91: Computing coverage of .bam file...

[Fri Jul  1 02:17:41 2022]
Finished job 90.
46 of 89 steps (52%) done

[Fri Jul  1 02:17:41 2022]
Job 14: Computing coverage of .bam file...

[Fri Jul  1 02:18:06 2022]
Finished job 1.
47 of 89 steps (53%) done

[Fri Jul  1 02:18:06 2022]
Job 42: Computing coverage of .bam file...

[Fri Jul  1 02:18:13 2022]
Finished job 15.
48 of 89 steps (54%) done

[Fri Jul  1 02:18:13 2022]
Job 34: Computing coverage of .bam file...

[Fri Jul  1 02:21:32 2022]
Finished job 35.
49 of 89 steps (55%) done

[Fri Jul  1 02:21:32 2022]
Job 37: Computing coverage of .bam file...

[Fri Jul  1 02:23:37 2022]
Finished job 29.
50 of 89 steps (56%) done

[Fri Jul  1 02:23:37 2022]
Job 84: Computing coverage of .bam file...

[Fri Jul  1 02:24:31 2022]
Finished job 91.
51 of 89 steps (57%) done
[Fri Jul  1 02:39:03 2022]
Finished job 34.
52 of 89 steps (58%) done
[Fri Jul  1 02:46:12 2022]
Finished job 42.
53 of 89 steps (60%) done
[Fri Jul  1 02:48:55 2022]
Finished job 37.
54 of 89 steps (61%) done
[Fri Jul  1 02:49:31 2022]
Finished job 14.
55 of 89 steps (62%) done
Shutting down, this might take some time.
Exiting because a job execution failed. Look above for error message
Complete log: /l/Zeitlinger/ZeitlingerLab/Manuscripts/Zelda_and_Nucleosomes/Analysis/data/.snakemake/log/2022-06-30T164919.468637.snakemake.log
