Building DAG of jobs...
Using shell: /usr/bin/bash
Provided cores: 6
Rules claiming more threads will be scaled down.
Job counts:
	count	jobs
	1	all
	24	combined_bam_to_combined_bw
	68	fastq_to_processed_bam
	24	individual_bam_to_combined_bam
	68	individual_bam_to_individual_bw
	185

[Wed Jun 29 11:30:39 2022]
Job 126: Aligning FASTQ to BAM

[Wed Jun 29 11:30:39 2022]
Job 104: Aligning FASTQ to BAM

[Wed Jun 29 11:30:39 2022]
Job 102: Aligning FASTQ to BAM

[Wed Jun 29 11:30:39 2022]
Job 111: Aligning FASTQ to BAM

[Wed Jun 29 11:30:39 2022]
Job 134: Aligning FASTQ to BAM

[Wed Jun 29 11:30:39 2022]
Job 160: Aligning FASTQ to BAM

[Wed Jun 29 11:43:42 2022]
Finished job 160.
1 of 185 steps (0.54%) done

[Wed Jun 29 11:43:42 2022]
Job 184: Converting bam to merged bam

[Wed Jun 29 11:47:58 2022]
Finished job 184.
2 of 185 steps (1%) done

[Wed Jun 29 11:47:58 2022]
Job 136: Aligning FASTQ to BAM

Will exit after finishing currently running jobs.
Will exit after finishing currently running jobs.
Shutting down, this might take some time.
Complete log: /l/Zeitlinger/ZeitlingerLab/Manuscripts/Zelda_and_Nucleosomes/Analysis/data/.snakemake/log/2022-06-29T113038.489224.snakemake.log
