Building DAG of jobs...
Using shell: /usr/bin/bash
Provided cores: 1 (use --cores to define parallelism)
Rules claiming more threads will be scaled down.
Job counts:
	count	jobs
	1	all
	64	run_idr
	6	seq_bam_to_log2_normalized_seq_bw
	71

[Fri Jul  1 19:57:38 2022]
Job 247: Computing coverage of .bam file...

[Fri Jul  1 20:37:04 2022]
Finished job 247.
1 of 71 steps (1%) done

[Fri Jul  1 20:37:04 2022]
Job 248: Computing coverage of .bam file...

[Fri Jul  1 21:13:10 2022]
Finished job 248.
2 of 71 steps (3%) done

[Fri Jul  1 21:13:10 2022]
Job 244: Computing coverage of .bam file...

[Fri Jul  1 21:42:12 2022]
Finished job 244.
3 of 71 steps (4%) done

[Fri Jul  1 21:42:12 2022]
Job 245: Computing coverage of .bam file...

[Fri Jul  1 22:09:55 2022]
Finished job 245.
4 of 71 steps (6%) done

[Fri Jul  1 22:09:55 2022]
Job 243: Computing coverage of .bam file...

[Fri Jul  1 22:38:20 2022]
Finished job 243.
5 of 71 steps (7%) done

[Fri Jul  1 22:38:20 2022]
Job 246: Computing coverage of .bam file...

[Fri Jul  1 23:04:07 2022]
Finished job 246.
6 of 71 steps (8%) done

[Fri Jul  1 23:04:07 2022]
Job 232: Run IDR pairwise...

[Fri Jul  1 23:06:17 2022]
Finished job 232.
7 of 71 steps (10%) done

[Fri Jul  1 23:06:17 2022]
Job 224: Run IDR pairwise...

[Fri Jul  1 23:09:32 2022]
Finished job 224.
8 of 71 steps (11%) done

[Fri Jul  1 23:09:32 2022]
Job 230: Run IDR pairwise...

[Fri Jul  1 23:10:25 2022]
Finished job 230.
9 of 71 steps (13%) done

[Fri Jul  1 23:10:25 2022]
Job 223: Run IDR pairwise...

[Fri Jul  1 23:13:40 2022]
Finished job 223.
10 of 71 steps (14%) done

[Fri Jul  1 23:13:40 2022]
Job 225: Run IDR pairwise...

[Fri Jul  1 23:15:32 2022]
Finished job 225.
11 of 71 steps (15%) done

[Fri Jul  1 23:15:32 2022]
Job 228: Run IDR pairwise...

[Fri Jul  1 23:19:40 2022]
Finished job 228.
12 of 71 steps (17%) done

[Fri Jul  1 23:19:40 2022]
Job 226: Run IDR pairwise...

[Fri Jul  1 23:19:40 2022]
Finished job 226.
13 of 71 steps (18%) done

[Fri Jul  1 23:19:40 2022]
Job 222: Run IDR pairwise...

[Fri Jul  1 23:21:19 2022]
Finished job 222.
14 of 71 steps (20%) done

[Fri Jul  1 23:21:19 2022]
Job 217: Run IDR pairwise...

[Fri Jul  1 23:26:22 2022]
Finished job 217.
15 of 71 steps (21%) done

[Fri Jul  1 23:26:22 2022]
Job 231: Run IDR pairwise...

[Fri Jul  1 23:26:22 2022]
Finished job 231.
16 of 71 steps (23%) done

[Fri Jul  1 23:26:22 2022]
Job 235: Run IDR pairwise...

[Fri Jul  1 23:30:39 2022]
Finished job 235.
17 of 71 steps (24%) done

[Fri Jul  1 23:30:39 2022]
Job 208: Run IDR pairwise...

[Fri Jul  1 23:33:13 2022]
Finished job 208.
18 of 71 steps (25%) done

[Fri Jul  1 23:33:13 2022]
Job 204: Run IDR pairwise...

[Fri Jul  1 23:33:54 2022]
Finished job 204.
19 of 71 steps (27%) done

[Fri Jul  1 23:33:54 2022]
Job 229: Run IDR pairwise...

[Fri Jul  1 23:35:42 2022]
Finished job 229.
20 of 71 steps (28%) done

[Fri Jul  1 23:35:42 2022]
Job 221: Run IDR pairwise...

[Fri Jul  1 23:35:42 2022]
Finished job 221.
21 of 71 steps (30%) done

[Fri Jul  1 23:35:42 2022]
Job 184: Run IDR pairwise...

[Fri Jul  1 23:38:59 2022]
Finished job 184.
22 of 71 steps (31%) done

[Fri Jul  1 23:38:59 2022]
Job 216: Run IDR pairwise...

[Fri Jul  1 23:41:14 2022]
Finished job 216.
23 of 71 steps (32%) done

[Fri Jul  1 23:41:14 2022]
Job 227: Run IDR pairwise...

[Fri Jul  1 23:41:14 2022]
Finished job 227.
24 of 71 steps (34%) done

[Fri Jul  1 23:41:14 2022]
Job 234: Run IDR pairwise...

[Fri Jul  1 23:42:59 2022]
Finished job 234.
25 of 71 steps (35%) done

[Fri Jul  1 23:42:59 2022]
Job 206: Run IDR pairwise...

[Fri Jul  1 23:46:47 2022]
Finished job 206.
26 of 71 steps (37%) done

[Fri Jul  1 23:46:47 2022]
Job 182: Run IDR pairwise...

[Fri Jul  1 23:48:17 2022]
Finished job 182.
27 of 71 steps (38%) done

[Fri Jul  1 23:48:17 2022]
Job 183: Run IDR pairwise...

[Fri Jul  1 23:48:17 2022]
Finished job 183.
28 of 71 steps (39%) done

[Fri Jul  1 23:48:17 2022]
Job 186: Run IDR pairwise...

[Fri Jul  1 23:51:43 2022]
Finished job 186.
29 of 71 steps (41%) done

[Fri Jul  1 23:51:43 2022]
Job 233: Run IDR pairwise...

[Fri Jul  1 23:51:43 2022]
Finished job 233.
30 of 71 steps (42%) done

[Fri Jul  1 23:51:43 2022]
Job 187: Run IDR pairwise...

[Fri Jul  1 23:53:16 2022]
Finished job 187.
31 of 71 steps (44%) done

[Fri Jul  1 23:53:16 2022]
Job 205: Run IDR pairwise...

[Fri Jul  1 23:55:54 2022]
Finished job 205.
32 of 71 steps (45%) done

[Fri Jul  1 23:55:54 2022]
Job 197: Run IDR pairwise...

[Fri Jul  1 23:59:13 2022]
Finished job 197.
33 of 71 steps (46%) done

[Fri Jul  1 23:59:13 2022]
Job 196: Run IDR pairwise...

[Sat Jul  2 00:01:41 2022]
Finished job 196.
34 of 71 steps (48%) done

[Sat Jul  2 00:01:41 2022]
Job 209: Run IDR pairwise...

[Sat Jul  2 00:02:33 2022]
Finished job 209.
35 of 71 steps (49%) done

[Sat Jul  2 00:02:33 2022]
Job 215: Run IDR pairwise...

[Sat Jul  2 00:02:33 2022]
Finished job 215.
36 of 71 steps (51%) done

[Sat Jul  2 00:02:33 2022]
Job 199: Run IDR pairwise...

[Sat Jul  2 00:04:08 2022]
Finished job 199.
37 of 71 steps (52%) done

[Sat Jul  2 00:04:08 2022]
Job 190: Run IDR pairwise...

[Sat Jul  2 00:08:17 2022]
Finished job 190.
38 of 71 steps (54%) done

[Sat Jul  2 00:08:17 2022]
Job 219: Run IDR pairwise...

[Sat Jul  2 00:13:10 2022]
Finished job 219.
39 of 71 steps (55%) done

[Sat Jul  2 00:13:10 2022]
Job 210: Run IDR pairwise...

[Sat Jul  2 00:14:25 2022]
Finished job 210.
40 of 71 steps (56%) done

[Sat Jul  2 00:14:25 2022]
Job 218: Run IDR pairwise...

[Sat Jul  2 00:16:47 2022]
Finished job 218.
41 of 71 steps (58%) done

[Sat Jul  2 00:16:47 2022]
Job 185: Run IDR pairwise...

[Sat Jul  2 00:16:47 2022]
Finished job 185.
42 of 71 steps (59%) done

[Sat Jul  2 00:16:47 2022]
Job 198: Run IDR pairwise...

[Sat Jul  2 00:16:47 2022]
Finished job 198.
43 of 71 steps (61%) done

[Sat Jul  2 00:16:47 2022]
Job 194: Run IDR pairwise...

[Sat Jul  2 00:17:45 2022]
Finished job 194.
44 of 71 steps (62%) done

[Sat Jul  2 00:17:45 2022]
Job 212: Run IDR pairwise...

[Sat Jul  2 00:17:45 2022]
Finished job 212.
45 of 71 steps (63%) done

[Sat Jul  2 00:17:45 2022]
Job 214: Run IDR pairwise...

[Sat Jul  2 00:17:45 2022]
Finished job 214.
46 of 71 steps (65%) done

[Sat Jul  2 00:17:45 2022]
Job 200: Run IDR pairwise...

[Sat Jul  2 00:21:50 2022]
Finished job 200.
47 of 71 steps (66%) done

[Sat Jul  2 00:21:50 2022]
Job 213: Run IDR pairwise...

[Sat Jul  2 00:21:50 2022]
Finished job 213.
48 of 71 steps (68%) done

[Sat Jul  2 00:21:50 2022]
Job 220: Run IDR pairwise...

[Sat Jul  2 00:21:50 2022]
Finished job 220.
49 of 71 steps (69%) done

[Sat Jul  2 00:21:50 2022]
Job 202: Run IDR pairwise...

[Sat Jul  2 00:23:42 2022]
Finished job 202.
50 of 71 steps (70%) done

[Sat Jul  2 00:23:42 2022]
Job 180: Run IDR pairwise...

[Sat Jul  2 00:25:58 2022]
Finished job 180.
51 of 71 steps (72%) done

[Sat Jul  2 00:25:58 2022]
Job 201: Run IDR pairwise...

[Sat Jul  2 00:25:58 2022]
Finished job 201.
52 of 71 steps (73%) done

[Sat Jul  2 00:25:58 2022]
Job 181: Run IDR pairwise...

[Sat Jul  2 00:26:44 2022]
Finished job 181.
53 of 71 steps (75%) done

[Sat Jul  2 00:26:44 2022]
Job 189: Run IDR pairwise...

[Sat Jul  2 00:28:36 2022]
Finished job 189.
54 of 71 steps (76%) done

[Sat Jul  2 00:28:36 2022]
Job 188: Run IDR pairwise...

[Sat Jul  2 00:28:36 2022]
Finished job 188.
55 of 71 steps (77%) done

[Sat Jul  2 00:28:36 2022]
Job 179: Run IDR pairwise...

[Sat Jul  2 00:28:36 2022]
Finished job 179.
56 of 71 steps (79%) done

[Sat Jul  2 00:28:36 2022]
Job 195: Run IDR pairwise...

[Sat Jul  2 00:28:36 2022]
Finished job 195.
57 of 71 steps (80%) done

[Sat Jul  2 00:28:36 2022]
Job 207: Run IDR pairwise...

[Sat Jul  2 00:29:31 2022]
Finished job 207.
58 of 71 steps (82%) done

[Sat Jul  2 00:29:31 2022]
Job 193: Run IDR pairwise...

[Sat Jul  2 00:30:19 2022]
Finished job 193.
59 of 71 steps (83%) done

[Sat Jul  2 00:30:19 2022]
Job 192: Run IDR pairwise...

[Sat Jul  2 00:31:10 2022]
Finished job 192.
60 of 71 steps (85%) done

[Sat Jul  2 00:31:10 2022]
Job 191: Run IDR pairwise...

[Sat Jul  2 00:31:10 2022]
Finished job 191.
61 of 71 steps (86%) done

[Sat Jul  2 00:31:10 2022]
Job 237: Run IDR pairwise...

[Sat Jul  2 00:34:30 2022]
Finished job 237.
62 of 71 steps (87%) done

[Sat Jul  2 00:34:30 2022]
Job 203: Run IDR pairwise...

[Sat Jul  2 00:34:44 2022]
Finished job 203.
63 of 71 steps (89%) done

[Sat Jul  2 00:34:44 2022]
Job 236: Run IDR pairwise...

[Sat Jul  2 00:36:19 2022]
Finished job 236.
64 of 71 steps (90%) done

[Sat Jul  2 00:36:19 2022]
Job 238: Run IDR pairwise...

[Sat Jul  2 00:36:20 2022]
Finished job 238.
65 of 71 steps (92%) done

[Sat Jul  2 00:36:20 2022]
Job 211: Run IDR pairwise...

[Sat Jul  2 00:36:20 2022]
Finished job 211.
66 of 71 steps (93%) done

[Sat Jul  2 00:36:20 2022]
Job 239: Run IDR pairwise...

[Sat Jul  2 00:36:39 2022]
Finished job 239.
67 of 71 steps (94%) done

[Sat Jul  2 00:36:39 2022]
Job 240: Run IDR pairwise...

[Sat Jul  2 00:36:39 2022]
Finished job 240.
68 of 71 steps (96%) done

[Sat Jul  2 00:36:39 2022]
Job 241: Run IDR pairwise...

[Sat Jul  2 00:36:45 2022]
Finished job 241.
69 of 71 steps (97%) done

[Sat Jul  2 00:36:45 2022]
Job 242: Run IDR pairwise...

[Sat Jul  2 00:36:45 2022]
Finished job 242.
70 of 71 steps (99%) done

[Sat Jul  2 00:36:45 2022]
localrule all:
    input: bw/dm6/atac/individual/orer_1to15_atac_4.bw, bw/dm6/atac/individual/orer_1to15_atac_6.bw, bw/dm6/atac/individual/orer_1to15_atac_7.bw, bw/dm6/atac/individual/orer_15to2_atac_4.bw, bw/dm6/atac/individual/orer_15to2_atac_6.bw, bw/dm6/atac/individual/orer_15to2_atac_7.bw, bw/dm6/atac/individual/orer_2to25_atac_4.bw, bw/dm6/atac/individual/orer_2to25_atac_6.bw, bw/dm6/atac/individual/orer_2to25_atac_7.bw, bw/dm6/atac/individual/orer_25to3_atac_4.bw, bw/dm6/atac/individual/orer_25to3_atac_6.bw, bw/dm6/atac/individual/orer_25to3_atac_7.bw, bw/dm6/atac/individual/gd7_1to15_atac_3.bw, bw/dm6/atac/individual/gd7_1to15_atac_5.bw, bw/dm6/atac/individual/gd7_1to15_atac_6.bw, bw/dm6/atac/individual/gd7_15to2_atac_3.bw, bw/dm6/atac/individual/gd7_15to2_atac_5.bw, bw/dm6/atac/individual/gd7_15to2_atac_6.bw, bw/dm6/atac/individual/gd7_2to25_atac_3.bw, bw/dm6/atac/individual/gd7_2to25_atac_5.bw, bw/dm6/atac/individual/gd7_2to25_atac_6.bw, bw/dm6/atac/individual/gd7_25to3_atac_3.bw, bw/dm6/atac/individual/gd7_25to3_atac_5.bw, bw/dm6/atac/individual/gd7_25to3_atac_6.bw, bw/dm6/atac/individual/zldrnai_1to15_atac_1.bw, bw/dm6/atac/individual/zldrnai_15to2_atac_1.bw, bw/dm6/atac/individual/zldrnai_2to25_atac_1.bw, bw/dm6/atac/individual/zldrnai_25to3_atac_1.bw, bw/dm6/atac/individual/zldrnai_1to15_atac_2.bw, bw/dm6/atac/individual/zldrnai_15to2_atac_2.bw, bw/dm6/atac/individual/zldrnai_2to25_atac_2.bw, bw/dm6/atac/individual/zldrnai_25to3_atac_2.bw, bw/dm6/atac/individual/zldrnai_1to15_atac_3.bw, bw/dm6/atac/individual/zldrnai_15to2_atac_3.bw, bw/dm6/atac/individual/zldrnai_2to25_atac_3.bw, bw/dm6/atac/individual/zldrnai_25to3_atac_3.bw, bw/dm6/atac/individual/cic6_2to25_atac_1.bw, bw/dm6/atac/individual/cic6_2to25_atac_2.bw, bw/dm6/atac/individual/cic6_2to25_atac_3.bw, bw/dm6/atac/individual/cic6_25to3_atac_1.bw, bw/dm6/atac/individual/cic6_25to3_atac_2.bw, bw/dm6/atac/individual/cic6_25to3_atac_3.bw, bw/dm6/mnase/individual/orer_mbt_100u_mnase_1.bw, bw/dm6/mnase/individual/orer_mbt_100u_mnase_2.bw, bw/dm6/mnase/individual/orer_mbt_100u_mnase_3.bw, bw/dm6/nexus/individual/orer_zld_mbt_nexus_1_positive.bw, bw/dm6/nexus/individual/orer_zld_mbt_nexus_3_positive.bw, bw/dm6/nexus/individual/orer_zld_mbt_nexus_4_positive.bw, bw/dm6/nexus/individual/orer_bcd_mbt_nexus_1_positive.bw, bw/dm6/nexus/individual/orer_bcd_mbt_nexus_2_positive.bw, bw/dm6/nexus/individual/orer_bcd_mbt_nexus_3_positive.bw, bw/dm6/nexus/individual/orer_cad_mbt_nexus_1_positive.bw, bw/dm6/nexus/individual/orer_cad_mbt_nexus_2_positive.bw, bw/dm6/nexus/individual/orer_cad_mbt_nexus_3_positive.bw, bw/dm6/nexus/individual/orer_dl_mbt_nexus_1_positive.bw, bw/dm6/nexus/individual/orer_dl_mbt_nexus_2_positive.bw, bw/dm6/nexus/individual/orer_dl_mbt_nexus_3_positive.bw, bw/dm6/nexus/individual/orer_twi_mbt_nexus_1_positive.bw, bw/dm6/nexus/individual/orer_twi_mbt_nexus_2_positive.bw, bw/dm6/nexus/individual/orer_twi_mbt_nexus_3_positive.bw, bw/dm6/nexus/individual/orer_gaf_mbt_nexus_1_positive.bw, bw/dm6/nexus/individual/orer_gaf_mbt_nexus_3_positive.bw, bw/dm6/nexus/individual/orer_gaf_mbt_nexus_4_positive.bw, bw/dm6/seq/individual/orer_h3k27ac_mbt_seq_1.bw, bw/dm6/seq/individual/orer_h3k27ac_mbt_seq_2.bw, bw/dm6/seq/individual/orer_h3k4me1_mbt_seq_1.bw, bw/dm6/seq/individual/orer_h3k4me1_mbt_seq_2.bw, bw/dm6/seq/individual/orer_wce_mbt_seq_1.bw, bw/dm6/atac/combined/orer_1to15_atac_combined.bw, bw/dm6/atac/combined/orer_15to2_atac_combined.bw, bw/dm6/atac/combined/orer_2to25_atac_combined.bw, bw/dm6/atac/combined/orer_25to3_atac_combined.bw, bw/dm6/atac/combined/gd7_1to15_atac_combined.bw, bw/dm6/atac/combined/gd7_15to2_atac_combined.bw, bw/dm6/atac/combined/gd7_2to25_atac_combined.bw, bw/dm6/atac/combined/gd7_25to3_atac_combined.bw, bw/dm6/atac/combined/zldrnai_1to15_atac_combined.bw, bw/dm6/atac/combined/zldrnai_15to2_atac_combined.bw, bw/dm6/atac/combined/zldrnai_2to25_atac_combined.bw, bw/dm6/atac/combined/zldrnai_25to3_atac_combined.bw, bw/dm6/atac/combined/cic6_2to25_atac_combined.bw, bw/dm6/atac/combined/cic6_25to3_atac_combined.bw, bw/dm6/mnase/combined/orer_mbt_100u_mnase_combined.bw, bw/dm6/nexus/combined/orer_zld_mbt_nexus_combined_positive.bw, bw/dm6/nexus/combined/orer_bcd_mbt_nexus_combined_positive.bw, bw/dm6/nexus/combined/orer_cad_mbt_nexus_combined_positive.bw, bw/dm6/nexus/combined/orer_dl_mbt_nexus_combined_positive.bw, bw/dm6/nexus/combined/orer_twi_mbt_nexus_combined_positive.bw, bw/dm6/nexus/combined/orer_gaf_mbt_nexus_combined_positive.bw, bw/dm6/seq/combined/orer_h3k27ac_mbt_seq_combined.bw, bw/dm6/seq/combined/orer_h3k27ac_mbt_seq_combined.bw, bw/dm6/seq/combined/orer_h3k4me1_mbt_seq_combined.bw, bw/dm6/seq/combined/orer_h3k4me1_mbt_seq_combined.bw, bw/dm6/seq/combined/orer_wce_mbt_seq_combined.bw, peaks/dm6/atac/individual/orer_1to15_atac_4_peaks.narrowPeak, peaks/dm6/atac/individual/orer_1to15_atac_6_peaks.narrowPeak, peaks/dm6/atac/individual/orer_1to15_atac_7_peaks.narrowPeak, peaks/dm6/atac/individual/orer_15to2_atac_4_peaks.narrowPeak, peaks/dm6/atac/individual/orer_15to2_atac_6_peaks.narrowPeak, peaks/dm6/atac/individual/orer_15to2_atac_7_peaks.narrowPeak, peaks/dm6/atac/individual/orer_2to25_atac_4_peaks.narrowPeak, peaks/dm6/atac/individual/orer_2to25_atac_6_peaks.narrowPeak, peaks/dm6/atac/individual/orer_2to25_atac_7_peaks.narrowPeak, peaks/dm6/atac/individual/orer_25to3_atac_4_peaks.narrowPeak, peaks/dm6/atac/individual/orer_25to3_atac_6_peaks.narrowPeak, peaks/dm6/atac/individual/orer_25to3_atac_7_peaks.narrowPeak, peaks/dm6/atac/individual/gd7_1to15_atac_3_peaks.narrowPeak, peaks/dm6/atac/individual/gd7_1to15_atac_5_peaks.narrowPeak, peaks/dm6/atac/individual/gd7_1to15_atac_6_peaks.narrowPeak, peaks/dm6/atac/individual/gd7_15to2_atac_3_peaks.narrowPeak, peaks/dm6/atac/individual/gd7_15to2_atac_5_peaks.narrowPeak, peaks/dm6/atac/individual/gd7_15to2_atac_6_peaks.narrowPeak, peaks/dm6/atac/individual/gd7_2to25_atac_3_peaks.narrowPeak, peaks/dm6/atac/individual/gd7_2to25_atac_5_peaks.narrowPeak, peaks/dm6/atac/individual/gd7_2to25_atac_6_peaks.narrowPeak, peaks/dm6/atac/individual/gd7_25to3_atac_3_peaks.narrowPeak, peaks/dm6/atac/individual/gd7_25to3_atac_5_peaks.narrowPeak, peaks/dm6/atac/individual/gd7_25to3_atac_6_peaks.narrowPeak, peaks/dm6/atac/individual/zldrnai_1to15_atac_1_peaks.narrowPeak, peaks/dm6/atac/individual/zldrnai_15to2_atac_1_peaks.narrowPeak, peaks/dm6/atac/individual/zldrnai_2to25_atac_1_peaks.narrowPeak, peaks/dm6/atac/individual/zldrnai_25to3_atac_1_peaks.narrowPeak, peaks/dm6/atac/individual/zldrnai_1to15_atac_2_peaks.narrowPeak, peaks/dm6/atac/individual/zldrnai_15to2_atac_2_peaks.narrowPeak, peaks/dm6/atac/individual/zldrnai_2to25_atac_2_peaks.narrowPeak, peaks/dm6/atac/individual/zldrnai_25to3_atac_2_peaks.narrowPeak, peaks/dm6/atac/individual/zldrnai_1to15_atac_3_peaks.narrowPeak, peaks/dm6/atac/individual/zldrnai_15to2_atac_3_peaks.narrowPeak, peaks/dm6/atac/individual/zldrnai_2to25_atac_3_peaks.narrowPeak, peaks/dm6/atac/individual/zldrnai_25to3_atac_3_peaks.narrowPeak, peaks/dm6/atac/individual/cic6_2to25_atac_1_peaks.narrowPeak, peaks/dm6/atac/individual/cic6_2to25_atac_2_peaks.narrowPeak, peaks/dm6/atac/individual/cic6_2to25_atac_3_peaks.narrowPeak, peaks/dm6/atac/individual/cic6_25to3_atac_1_peaks.narrowPeak, peaks/dm6/atac/individual/cic6_25to3_atac_2_peaks.narrowPeak, peaks/dm6/atac/individual/cic6_25to3_atac_3_peaks.narrowPeak, peaks/dm6/nexus/individual/orer_zld_mbt_nexus_1_peaks.narrowPeak, peaks/dm6/nexus/individual/orer_zld_mbt_nexus_3_peaks.narrowPeak, peaks/dm6/nexus/individual/orer_zld_mbt_nexus_4_peaks.narrowPeak, peaks/dm6/nexus/individual/orer_bcd_mbt_nexus_1_peaks.narrowPeak, peaks/dm6/nexus/individual/orer_bcd_mbt_nexus_2_peaks.narrowPeak, peaks/dm6/nexus/individual/orer_bcd_mbt_nexus_3_peaks.narrowPeak, peaks/dm6/nexus/individual/orer_cad_mbt_nexus_1_peaks.narrowPeak, peaks/dm6/nexus/individual/orer_cad_mbt_nexus_2_peaks.narrowPeak, peaks/dm6/nexus/individual/orer_cad_mbt_nexus_3_peaks.narrowPeak, peaks/dm6/nexus/individual/orer_dl_mbt_nexus_1_peaks.narrowPeak, peaks/dm6/nexus/individual/orer_dl_mbt_nexus_2_peaks.narrowPeak, peaks/dm6/nexus/individual/orer_dl_mbt_nexus_3_peaks.narrowPeak, peaks/dm6/nexus/individual/orer_twi_mbt_nexus_1_peaks.narrowPeak, peaks/dm6/nexus/individual/orer_twi_mbt_nexus_2_peaks.narrowPeak, peaks/dm6/nexus/individual/orer_twi_mbt_nexus_3_peaks.narrowPeak, peaks/dm6/nexus/individual/orer_gaf_mbt_nexus_1_peaks.narrowPeak, peaks/dm6/nexus/individual/orer_gaf_mbt_nexus_3_peaks.narrowPeak, peaks/dm6/nexus/individual/orer_gaf_mbt_nexus_4_peaks.narrowPeak, peaks/dm6/seq/individual/orer_h3k27ac_mbt_seq_1_peaks.narrowPeak, peaks/dm6/seq/individual/orer_h3k27ac_mbt_seq_2_peaks.narrowPeak, peaks/dm6/seq/individual/orer_h3k4me1_mbt_seq_1_peaks.narrowPeak, peaks/dm6/seq/individual/orer_h3k4me1_mbt_seq_2_peaks.narrowPeak, peaks/dm6/atac/combined/orer_1to15_atac_combined_peaks.narrowPeak, peaks/dm6/atac/combined/orer_15to2_atac_combined_peaks.narrowPeak, peaks/dm6/atac/combined/orer_2to25_atac_combined_peaks.narrowPeak, peaks/dm6/atac/combined/orer_25to3_atac_combined_peaks.narrowPeak, peaks/dm6/atac/combined/gd7_1to15_atac_combined_peaks.narrowPeak, peaks/dm6/atac/combined/gd7_15to2_atac_combined_peaks.narrowPeak, peaks/dm6/atac/combined/gd7_2to25_atac_combined_peaks.narrowPeak, peaks/dm6/atac/combined/gd7_25to3_atac_combined_peaks.narrowPeak, peaks/dm6/atac/combined/zldrnai_1to15_atac_combined_peaks.narrowPeak, peaks/dm6/atac/combined/zldrnai_15to2_atac_combined_peaks.narrowPeak, peaks/dm6/atac/combined/zldrnai_2to25_atac_combined_peaks.narrowPeak, peaks/dm6/atac/combined/zldrnai_25to3_atac_combined_peaks.narrowPeak, peaks/dm6/atac/combined/cic6_2to25_atac_combined_peaks.narrowPeak, peaks/dm6/atac/combined/cic6_25to3_atac_combined_peaks.narrowPeak, peaks/dm6/nexus/combined/orer_zld_mbt_nexus_combined_peaks.narrowPeak, peaks/dm6/nexus/combined/orer_bcd_mbt_nexus_combined_peaks.narrowPeak, peaks/dm6/nexus/combined/orer_cad_mbt_nexus_combined_peaks.narrowPeak, peaks/dm6/nexus/combined/orer_dl_mbt_nexus_combined_peaks.narrowPeak, peaks/dm6/nexus/combined/orer_twi_mbt_nexus_combined_peaks.narrowPeak, peaks/dm6/nexus/combined/orer_gaf_mbt_nexus_combined_peaks.narrowPeak, peaks/dm6/seq/combined/orer_h3k27ac_mbt_seq_combined_peaks.narrowPeak, peaks/dm6/seq/combined/orer_h3k27ac_mbt_seq_combined_peaks.narrowPeak, peaks/dm6/seq/combined/orer_h3k4me1_mbt_seq_combined_peaks.narrowPeak, peaks/dm6/seq/combined/orer_h3k4me1_mbt_seq_combined_peaks.narrowPeak, idr/dm6/atac/orer_1to15_atac/orer_1to15_atac_4.log, idr/dm6/atac/orer_1to15_atac/orer_1to15_atac_6.log, idr/dm6/atac/orer_1to15_atac/orer_1to15_atac_7.log, idr/dm6/atac/orer_15to2_atac/orer_15to2_atac_4.log, idr/dm6/atac/orer_15to2_atac/orer_15to2_atac_6.log, idr/dm6/atac/orer_15to2_atac/orer_15to2_atac_7.log, idr/dm6/atac/orer_2to25_atac/orer_2to25_atac_4.log, idr/dm6/atac/orer_2to25_atac/orer_2to25_atac_6.log, idr/dm6/atac/orer_2to25_atac/orer_2to25_atac_7.log, idr/dm6/atac/orer_25to3_atac/orer_25to3_atac_4.log, idr/dm6/atac/orer_25to3_atac/orer_25to3_atac_6.log, idr/dm6/atac/orer_25to3_atac/orer_25to3_atac_7.log, idr/dm6/atac/gd7_1to15_atac/gd7_1to15_atac_3.log, idr/dm6/atac/gd7_1to15_atac/gd7_1to15_atac_5.log, idr/dm6/atac/gd7_1to15_atac/gd7_1to15_atac_6.log, idr/dm6/atac/gd7_15to2_atac/gd7_15to2_atac_3.log, idr/dm6/atac/gd7_15to2_atac/gd7_15to2_atac_5.log, idr/dm6/atac/gd7_15to2_atac/gd7_15to2_atac_6.log, idr/dm6/atac/gd7_2to25_atac/gd7_2to25_atac_3.log, idr/dm6/atac/gd7_2to25_atac/gd7_2to25_atac_5.log, idr/dm6/atac/gd7_2to25_atac/gd7_2to25_atac_6.log, idr/dm6/atac/gd7_25to3_atac/gd7_25to3_atac_3.log, idr/dm6/atac/gd7_25to3_atac/gd7_25to3_atac_5.log, idr/dm6/atac/gd7_25to3_atac/gd7_25to3_atac_6.log, idr/dm6/atac/zldrnai_1to15_atac/zldrnai_1to15_atac_1.log, idr/dm6/atac/zldrnai_15to2_atac/zldrnai_15to2_atac_1.log, idr/dm6/atac/zldrnai_2to25_atac/zldrnai_2to25_atac_1.log, idr/dm6/atac/zldrnai_25to3_atac/zldrnai_25to3_atac_1.log, idr/dm6/atac/zldrnai_1to15_atac/zldrnai_1to15_atac_2.log, idr/dm6/atac/zldrnai_15to2_atac/zldrnai_15to2_atac_2.log, idr/dm6/atac/zldrnai_2to25_atac/zldrnai_2to25_atac_2.log, idr/dm6/atac/zldrnai_25to3_atac/zldrnai_25to3_atac_2.log, idr/dm6/atac/zldrnai_1to15_atac/zldrnai_1to15_atac_3.log, idr/dm6/atac/zldrnai_15to2_atac/zldrnai_15to2_atac_3.log, idr/dm6/atac/zldrnai_2to25_atac/zldrnai_2to25_atac_3.log, idr/dm6/atac/zldrnai_25to3_atac/zldrnai_25to3_atac_3.log, idr/dm6/atac/cic6_2to25_atac/cic6_2to25_atac_1.log, idr/dm6/atac/cic6_2to25_atac/cic6_2to25_atac_2.log, idr/dm6/atac/cic6_2to25_atac/cic6_2to25_atac_3.log, idr/dm6/atac/cic6_25to3_atac/cic6_25to3_atac_1.log, idr/dm6/atac/cic6_25to3_atac/cic6_25to3_atac_2.log, idr/dm6/atac/cic6_25to3_atac/cic6_25to3_atac_3.log, idr/dm6/nexus/orer_zld_mbt_nexus/orer_zld_mbt_nexus_1.log, idr/dm6/nexus/orer_zld_mbt_nexus/orer_zld_mbt_nexus_3.log, idr/dm6/nexus/orer_zld_mbt_nexus/orer_zld_mbt_nexus_4.log, idr/dm6/nexus/orer_bcd_mbt_nexus/orer_bcd_mbt_nexus_1.log, idr/dm6/nexus/orer_bcd_mbt_nexus/orer_bcd_mbt_nexus_2.log, idr/dm6/nexus/orer_bcd_mbt_nexus/orer_bcd_mbt_nexus_3.log, idr/dm6/nexus/orer_cad_mbt_nexus/orer_cad_mbt_nexus_1.log, idr/dm6/nexus/orer_cad_mbt_nexus/orer_cad_mbt_nexus_2.log, idr/dm6/nexus/orer_cad_mbt_nexus/orer_cad_mbt_nexus_3.log, idr/dm6/nexus/orer_dl_mbt_nexus/orer_dl_mbt_nexus_1.log, idr/dm6/nexus/orer_dl_mbt_nexus/orer_dl_mbt_nexus_2.log, idr/dm6/nexus/orer_dl_mbt_nexus/orer_dl_mbt_nexus_3.log, idr/dm6/nexus/orer_twi_mbt_nexus/orer_twi_mbt_nexus_1.log, idr/dm6/nexus/orer_twi_mbt_nexus/orer_twi_mbt_nexus_2.log, idr/dm6/nexus/orer_twi_mbt_nexus/orer_twi_mbt_nexus_3.log, idr/dm6/nexus/orer_gaf_mbt_nexus/orer_gaf_mbt_nexus_1.log, idr/dm6/nexus/orer_gaf_mbt_nexus/orer_gaf_mbt_nexus_3.log, idr/dm6/nexus/orer_gaf_mbt_nexus/orer_gaf_mbt_nexus_4.log, idr/dm6/seq/orer_h3k27ac_mbt_seq/orer_h3k27ac_mbt_seq_1.log, idr/dm6/seq/orer_h3k27ac_mbt_seq/orer_h3k27ac_mbt_seq_2.log, idr/dm6/seq/orer_h3k4me1_mbt_seq/orer_h3k4me1_mbt_seq_1.log, idr/dm6/seq/orer_h3k4me1_mbt_seq/orer_h3k4me1_mbt_seq_2.log, bw/dm6/seq/individual/orer_h3k27ac_mbt_seq_1_log2_normalized.bw, bw/dm6/seq/individual/orer_h3k27ac_mbt_seq_2_log2_normalized.bw, bw/dm6/seq/individual/orer_h3k4me1_mbt_seq_1_log2_normalized.bw, bw/dm6/seq/individual/orer_h3k4me1_mbt_seq_2_log2_normalized.bw, bw/dm6/seq/combined/orer_h3k27ac_mbt_seq_combined_log2_normalized.bw, bw/dm6/seq/combined/orer_h3k4me1_mbt_seq_combined_log2_normalized.bw
    jobid: 0

[Sat Jul  2 00:36:45 2022]
Finished job 0.
71 of 71 steps (100%) done
Complete log: /l/Zeitlinger/ZeitlingerLab/Manuscripts/Zelda_and_Nucleosomes/Analysis/data/.snakemake/log/2022-07-01T195736.590791.snakemake.log
