Building DAG of jobs...
Using shell: /usr/bin/bash
Provided cores: 2
Rules claiming more threads will be scaled down.
Job counts:
	count	jobs
	1	all
	16	combined_bam_to_combined_bw
	46	individual_bam_to_individual_bw
	62	run_peak_calling
	125

[Mon Aug 15 16:09:44 2022]
Job 78: Computing coverage of .bam file...

[Mon Aug 15 16:09:44 2022]
Job 88: Computing coverage of .bam file...

[Mon Aug 15 19:25:28 2022]
Finished job 88.
1 of 125 steps (0.80%) done

[Mon Aug 15 19:25:28 2022]
Job 80: Computing coverage of .bam file...

[Mon Aug 15 20:19:54 2022]
Finished job 78.
2 of 125 steps (2%) done

[Mon Aug 15 20:19:54 2022]
Job 79: Computing coverage of .bam file...

[Mon Aug 15 23:08:23 2022]
Finished job 80.
3 of 125 steps (2%) done

[Mon Aug 15 23:08:23 2022]
Job 82: Computing coverage of .bam file...

[Tue Aug 16 00:00:12 2022]
Finished job 79.
4 of 125 steps (3%) done

[Tue Aug 16 00:00:12 2022]
Job 86: Computing coverage of .bam file...

[Tue Aug 16 02:20:27 2022]
Finished job 82.
5 of 125 steps (4%) done

[Tue Aug 16 02:20:27 2022]
Job 83: Computing coverage of .bam file...

[Tue Aug 16 02:54:09 2022]
Finished job 86.
6 of 125 steps (5%) done

[Tue Aug 16 02:54:09 2022]
Job 84: Computing coverage of .bam file...

[Tue Aug 16 05:47:08 2022]
Finished job 83.
7 of 125 steps (6%) done

[Tue Aug 16 05:47:08 2022]
Job 90: Computing coverage of .bam file...

[Tue Aug 16 06:05:04 2022]
Finished job 84.
8 of 125 steps (6%) done

[Tue Aug 16 06:05:04 2022]
Job 87: Computing coverage of .bam file...

[Tue Aug 16 08:22:43 2022]
Finished job 90.
9 of 125 steps (7%) done

[Tue Aug 16 08:22:43 2022]
Job 77: Computing coverage of .bam file...

[Tue Aug 16 08:34:57 2022]
Finished job 87.
10 of 125 steps (8%) done

[Tue Aug 16 08:34:57 2022]
Job 89: Computing coverage of .bam file...

[Tue Aug 16 11:09:39 2022]
Finished job 77.
11 of 125 steps (9%) done

[Tue Aug 16 11:09:39 2022]
Job 81: Computing coverage of .bam file...

[Tue Aug 16 11:13:28 2022]
Finished job 89.
12 of 125 steps (10%) done

[Tue Aug 16 11:13:28 2022]
Job 4: Computing coverage of .bam file...

[Tue Aug 16 12:44:50 2022]
Finished job 4.
13 of 125 steps (10%) done

[Tue Aug 16 12:44:50 2022]
Job 28: Computing coverage of .bam file...

[Tue Aug 16 12:57:45 2022]
Finished job 81.
14 of 125 steps (11%) done

[Tue Aug 16 12:57:45 2022]
Job 6: Computing coverage of .bam file...

[Tue Aug 16 14:07:08 2022]
Finished job 28.
15 of 125 steps (12%) done

[Tue Aug 16 14:07:08 2022]
Job 85: Computing coverage of .bam file...

[Tue Aug 16 14:17:26 2022]
Finished job 6.
16 of 125 steps (13%) done

[Tue Aug 16 14:17:26 2022]
Job 11: Computing coverage of .bam file...

[Tue Aug 16 15:19:16 2022]
Finished job 85.
17 of 125 steps (14%) done

[Tue Aug 16 15:19:16 2022]
Job 30: Computing coverage of .bam file...

[Tue Aug 16 15:37:45 2022]
Finished job 11.
18 of 125 steps (14%) done

[Tue Aug 16 15:37:45 2022]
Job 9: Computing coverage of .bam file...

[Tue Aug 16 16:35:39 2022]
Finished job 30.
19 of 125 steps (15%) done

[Tue Aug 16 16:35:39 2022]
Job 41: Computing coverage of .bam file...

[Tue Aug 16 16:58:58 2022]
Finished job 9.
20 of 125 steps (16%) done

[Tue Aug 16 16:58:58 2022]
Job 16: Computing coverage of .bam file...

[Tue Aug 16 17:49:16 2022]
Finished job 41.
21 of 125 steps (17%) done

[Tue Aug 16 17:49:16 2022]
Job 21: Computing coverage of .bam file...

[Tue Aug 16 18:13:21 2022]
Finished job 16.
22 of 125 steps (18%) done

[Tue Aug 16 18:13:21 2022]
Job 12: Computing coverage of .bam file...

[Tue Aug 16 19:03:26 2022]
Finished job 21.
23 of 125 steps (18%) done

[Tue Aug 16 19:03:26 2022]
Job 26: Computing coverage of .bam file...

[Tue Aug 16 19:21:58 2022]
Finished job 12.
24 of 125 steps (19%) done

[Tue Aug 16 19:21:58 2022]
Job 5: Computing coverage of .bam file...

[Tue Aug 16 20:20:04 2022]
Finished job 26.
25 of 125 steps (20%) done

[Tue Aug 16 20:20:04 2022]
Job 40: Computing coverage of .bam file...

[Tue Aug 16 20:37:47 2022]
Finished job 5.
26 of 125 steps (21%) done

[Tue Aug 16 20:37:47 2022]
Job 8: Computing coverage of .bam file...

[Tue Aug 16 21:33:52 2022]
Finished job 40.
27 of 125 steps (22%) done

[Tue Aug 16 21:33:52 2022]
Job 27: Computing coverage of .bam file...

[Tue Aug 16 21:54:45 2022]
Finished job 8.
28 of 125 steps (22%) done

[Tue Aug 16 21:54:45 2022]
Job 39: Computing coverage of .bam file...

[Tue Aug 16 22:40:13 2022]
Finished job 27.
29 of 125 steps (23%) done

[Tue Aug 16 22:40:13 2022]
Job 18: Computing coverage of .bam file...

[Tue Aug 16 22:56:44 2022]
Finished job 39.
30 of 125 steps (24%) done

[Tue Aug 16 22:56:44 2022]
Job 23: Computing coverage of .bam file...

[Tue Aug 16 23:52:47 2022]
Finished job 18.
31 of 125 steps (25%) done

[Tue Aug 16 23:52:47 2022]
Job 3: Computing coverage of .bam file...

[Wed Aug 17 00:07:15 2022]
Finished job 23.
32 of 125 steps (26%) done

[Wed Aug 17 00:07:15 2022]
Job 24: Computing coverage of .bam file...

[Wed Aug 17 00:59:11 2022]
Finished job 3.
33 of 125 steps (26%) done

[Wed Aug 17 00:59:11 2022]
Job 7: Computing coverage of .bam file...

[Wed Aug 17 01:14:43 2022]
Finished job 24.
34 of 125 steps (27%) done

[Wed Aug 17 01:14:43 2022]
Job 36: Computing coverage of .bam file...

[Wed Aug 17 01:58:56 2022]
Finished job 36.
35 of 125 steps (28%) done

[Wed Aug 17 01:58:56 2022]
Job 10: Computing coverage of .bam file...

[Wed Aug 17 02:03:23 2022]
Finished job 7.
36 of 125 steps (29%) done

[Wed Aug 17 02:03:23 2022]
Job 38: Computing coverage of .bam file...

[Wed Aug 17 02:55:33 2022]
Finished job 38.
37 of 125 steps (30%) done

[Wed Aug 17 02:55:33 2022]
Job 19: Computing coverage of .bam file...

[Wed Aug 17 02:59:43 2022]
Finished job 10.
38 of 125 steps (30%) done

[Wed Aug 17 02:59:43 2022]
Job 32: Computing coverage of .bam file...

[Wed Aug 17 03:51:05 2022]
Finished job 19.
39 of 125 steps (31%) done

[Wed Aug 17 03:51:05 2022]
Job 2: Computing coverage of .bam file...

[Wed Aug 17 03:56:07 2022]
Finished job 32.
40 of 125 steps (32%) done

[Wed Aug 17 03:56:07 2022]
Job 31: Computing coverage of .bam file...

[Wed Aug 17 04:44:58 2022]
Finished job 2.
41 of 125 steps (33%) done

[Wed Aug 17 04:44:58 2022]
Job 17: Computing coverage of .bam file...

[Wed Aug 17 04:52:32 2022]
Finished job 31.
42 of 125 steps (34%) done

[Wed Aug 17 04:52:32 2022]
Job 92: Computing coverage of .bam file...

[Wed Aug 17 05:37:07 2022]
Finished job 17.
43 of 125 steps (34%) done

[Wed Aug 17 05:37:07 2022]
Job 20: Computing coverage of .bam file...

[Wed Aug 17 05:46:12 2022]
Finished job 92.
44 of 125 steps (35%) done

[Wed Aug 17 05:46:12 2022]
Job 91: Computing coverage of .bam file...

[Wed Aug 17 06:32:08 2022]
Finished job 20.
45 of 125 steps (36%) done

[Wed Aug 17 06:32:08 2022]
Job 22: Computing coverage of .bam file...

[Wed Aug 17 06:39:41 2022]
Finished job 91.
46 of 125 steps (37%) done

[Wed Aug 17 06:39:41 2022]
Job 1: Computing coverage of .bam file...

[Wed Aug 17 07:25:49 2022]
Finished job 22.
47 of 125 steps (38%) done

[Wed Aug 17 07:25:49 2022]
Job 15: Computing coverage of .bam file...

[Wed Aug 17 07:29:58 2022]
Finished job 1.
48 of 125 steps (38%) done

[Wed Aug 17 07:29:58 2022]
Job 29: Computing coverage of .bam file...

[Wed Aug 17 08:14:37 2022]
Finished job 15.
49 of 125 steps (39%) done

[Wed Aug 17 08:14:37 2022]
Job 35: Computing coverage of .bam file...

[Wed Aug 17 08:18:19 2022]
Finished job 29.
50 of 125 steps (40%) done

[Wed Aug 17 08:18:19 2022]
Job 14: Computing coverage of .bam file...

[Wed Aug 17 08:49:10 2022]
Finished job 35.
51 of 125 steps (41%) done

[Wed Aug 17 08:49:10 2022]
Job 42: Computing coverage of .bam file...

[Wed Aug 17 08:57:07 2022]
Finished job 14.
52 of 125 steps (42%) done

[Wed Aug 17 08:57:08 2022]
Job 34: Computing coverage of .bam file...

[Wed Aug 17 09:25:34 2022]
Finished job 42.
53 of 125 steps (42%) done

[Wed Aug 17 09:25:34 2022]
Job 37: Computing coverage of .bam file...

[Wed Aug 17 09:26:11 2022]
Finished job 34.
54 of 125 steps (43%) done

[Wed Aug 17 09:26:11 2022]
Job 45: Computing coverage of .bam file...

[Wed Aug 17 10:06:53 2022]
Finished job 37.
55 of 125 steps (44%) done

[Wed Aug 17 10:06:53 2022]
Job 13: Computing coverage of .bam file...

[Wed Aug 17 10:07:52 2022]
Finished job 45.
56 of 125 steps (45%) done

[Wed Aug 17 10:07:52 2022]
Job 44: Computing coverage of .bam file...

[Wed Aug 17 10:36:21 2022]
Finished job 13.
57 of 125 steps (46%) done

[Wed Aug 17 10:36:21 2022]
Job 43: Computing coverage of .bam file...

[Wed Aug 17 10:38:27 2022]
Finished job 44.
58 of 125 steps (46%) done

[Wed Aug 17 10:38:27 2022]
Job 46: Computing coverage of .bam file...

[Wed Aug 17 11:04:36 2022]
Finished job 43.
59 of 125 steps (47%) done

[Wed Aug 17 11:04:36 2022]
Job 25: Computing coverage of .bam file...

[Wed Aug 17 11:04:37 2022]
Finished job 46.
60 of 125 steps (48%) done

[Wed Aug 17 11:04:37 2022]
Job 33: Computing coverage of .bam file...

[Wed Aug 17 11:15:05 2022]
Finished job 33.
61 of 125 steps (49%) done

[Wed Aug 17 11:15:05 2022]
Job 174: Running MACS2...

[Wed Aug 17 11:33:05 2022]
Finished job 25.
62 of 125 steps (50%) done

[Wed Aug 17 11:33:05 2022]
Job 184: Running MACS2...

[Wed Aug 17 11:53:20 2022]
Finished job 174.
63 of 125 steps (50%) done

[Wed Aug 17 11:53:20 2022]
Job 176: Running MACS2...

[Wed Aug 17 12:03:05 2022]
Finished job 184.
64 of 125 steps (51%) done

[Wed Aug 17 12:03:05 2022]
Job 175: Running MACS2...

[Wed Aug 17 12:25:39 2022]
Finished job 176.
65 of 125 steps (52%) done

[Wed Aug 17 12:25:39 2022]
Job 178: Running MACS2...

[Wed Aug 17 12:31:42 2022]
Finished job 175.
66 of 125 steps (53%) done

[Wed Aug 17 12:31:42 2022]
Job 182: Running MACS2...

[Wed Aug 17 12:47:39 2022]
Finished job 178.
67 of 125 steps (54%) done

[Wed Aug 17 12:47:39 2022]
Job 179: Running MACS2...

[Wed Aug 17 12:51:38 2022]
Finished job 182.
68 of 125 steps (54%) done

[Wed Aug 17 12:51:38 2022]
Job 180: Running MACS2...

[Wed Aug 17 13:09:53 2022]
Finished job 179.
69 of 125 steps (55%) done

[Wed Aug 17 13:09:53 2022]
Job 186: Running MACS2...

[Wed Aug 17 13:15:59 2022]
Finished job 180.
70 of 125 steps (56%) done

[Wed Aug 17 13:15:59 2022]
Job 183: Running MACS2...

[Wed Aug 17 13:31:19 2022]
Finished job 186.
71 of 125 steps (57%) done

[Wed Aug 17 13:31:19 2022]
Job 173: Running MACS2...

[Wed Aug 17 13:34:16 2022]
Finished job 183.
72 of 125 steps (58%) done

[Wed Aug 17 13:34:16 2022]
Job 185: Running MACS2...

[Wed Aug 17 13:49:52 2022]
Finished job 173.
73 of 125 steps (58%) done

[Wed Aug 17 13:49:52 2022]
Job 177: Running MACS2...

[Wed Aug 17 13:50:48 2022]
Finished job 185.
74 of 125 steps (59%) done

[Wed Aug 17 13:50:48 2022]
Job 108: Running MACS2...

[Wed Aug 17 14:01:19 2022]
Finished job 108.
75 of 125 steps (60%) done

[Wed Aug 17 14:01:19 2022]
Job 132: Running MACS2...

[Wed Aug 17 14:02:52 2022]
Finished job 177.
76 of 125 steps (61%) done

[Wed Aug 17 14:02:52 2022]
Job 110: Running MACS2...

[Wed Aug 17 14:11:35 2022]
Finished job 110.
77 of 125 steps (62%) done

[Wed Aug 17 14:11:35 2022]
Job 181: Running MACS2...

[Wed Aug 17 14:11:51 2022]
Finished job 132.
78 of 125 steps (62%) done

[Wed Aug 17 14:11:51 2022]
Job 115: Running MACS2...

[Wed Aug 17 14:19:32 2022]
Finished job 181.
79 of 125 steps (63%) done

[Wed Aug 17 14:19:32 2022]
Job 134: Running MACS2...

[Wed Aug 17 14:21:46 2022]
Finished job 115.
80 of 125 steps (64%) done

[Wed Aug 17 14:21:46 2022]
Job 113: Running MACS2...

[Wed Aug 17 14:28:36 2022]
Finished job 134.
81 of 125 steps (65%) done

[Wed Aug 17 14:28:36 2022]
Job 145: Running MACS2...

[Wed Aug 17 14:29:49 2022]
Finished job 113.
82 of 125 steps (66%) done

[Wed Aug 17 14:29:49 2022]
Job 120: Running MACS2...

[Wed Aug 17 14:37:29 2022]
Finished job 145.
83 of 125 steps (66%) done

[Wed Aug 17 14:37:29 2022]
Job 125: Running MACS2...

[Wed Aug 17 14:37:56 2022]
Finished job 120.
84 of 125 steps (67%) done

[Wed Aug 17 14:37:56 2022]
Job 116: Running MACS2...

[Wed Aug 17 14:45:30 2022]
Finished job 125.
85 of 125 steps (68%) done

[Wed Aug 17 14:45:30 2022]
Job 130: Running MACS2...

[Wed Aug 17 14:45:54 2022]
Finished job 116.
86 of 125 steps (69%) done

[Wed Aug 17 14:45:54 2022]
Job 109: Running MACS2...

[Wed Aug 17 14:53:04 2022]
Finished job 130.
87 of 125 steps (70%) done

[Wed Aug 17 14:53:04 2022]
Job 144: Running MACS2...

[Wed Aug 17 14:53:31 2022]
Finished job 109.
88 of 125 steps (70%) done

[Wed Aug 17 14:53:31 2022]
Job 112: Running MACS2...

[Wed Aug 17 15:00:37 2022]
Finished job 144.
89 of 125 steps (71%) done

[Wed Aug 17 15:00:37 2022]
Job 131: Running MACS2...

[Wed Aug 17 15:01:16 2022]
Finished job 112.
90 of 125 steps (72%) done

[Wed Aug 17 15:01:16 2022]
Job 143: Running MACS2...

[Wed Aug 17 15:07:49 2022]
Finished job 143.
91 of 125 steps (73%) done

[Wed Aug 17 15:07:49 2022]
Job 122: Running MACS2...

[Wed Aug 17 15:08:05 2022]
Finished job 131.
92 of 125 steps (74%) done

[Wed Aug 17 15:08:05 2022]
Job 127: Running MACS2...

[Wed Aug 17 15:14:51 2022]
Finished job 122.
93 of 125 steps (74%) done

[Wed Aug 17 15:14:51 2022]
Job 107: Running MACS2...

[Wed Aug 17 15:15:35 2022]
Finished job 127.
94 of 125 steps (75%) done

[Wed Aug 17 15:15:35 2022]
Job 128: Running MACS2...

[Wed Aug 17 15:21:35 2022]
Finished job 107.
95 of 125 steps (76%) done

[Wed Aug 17 15:21:35 2022]
Job 111: Running MACS2...

[Wed Aug 17 15:22:58 2022]
Finished job 128.
96 of 125 steps (77%) done

[Wed Aug 17 15:22:58 2022]
Job 140: Running MACS2...

[Wed Aug 17 15:28:01 2022]
Finished job 140.
97 of 125 steps (78%) done

[Wed Aug 17 15:28:01 2022]
Job 114: Running MACS2...

[Wed Aug 17 15:28:59 2022]
Finished job 111.
98 of 125 steps (78%) done

[Wed Aug 17 15:28:59 2022]
Job 142: Running MACS2...

[Wed Aug 17 15:35:11 2022]
Finished job 142.
99 of 125 steps (79%) done

[Wed Aug 17 15:35:11 2022]
Job 123: Running MACS2...

[Wed Aug 17 15:35:53 2022]
Finished job 114.
100 of 125 steps (80%) done

[Wed Aug 17 15:35:54 2022]
Job 136: Running MACS2...

[Wed Aug 17 15:41:45 2022]
Finished job 123.
101 of 125 steps (81%) done

[Wed Aug 17 15:41:45 2022]
Job 106: Running MACS2...

[Wed Aug 17 15:42:42 2022]
Finished job 136.
102 of 125 steps (82%) done

[Wed Aug 17 15:42:42 2022]
Job 135: Running MACS2...

[Wed Aug 17 15:48:04 2022]
Finished job 106.
103 of 125 steps (82%) done

[Wed Aug 17 15:48:04 2022]
Job 121: Running MACS2...

[Wed Aug 17 15:49:16 2022]
Finished job 135.
104 of 125 steps (83%) done

[Wed Aug 17 15:49:16 2022]
Job 188: Running MACS2...

[Wed Aug 17 15:53:55 2022]
Finished job 121.
105 of 125 steps (84%) done

[Wed Aug 17 15:53:55 2022]
Job 124: Running MACS2...

[Wed Aug 17 15:55:09 2022]
Finished job 188.
106 of 125 steps (85%) done

[Wed Aug 17 15:55:09 2022]
Job 187: Running MACS2...

[Wed Aug 17 16:00:27 2022]
Finished job 124.
107 of 125 steps (86%) done

[Wed Aug 17 16:00:27 2022]
Job 126: Running MACS2...

[Wed Aug 17 16:00:58 2022]
Finished job 187.
108 of 125 steps (86%) done

[Wed Aug 17 16:00:58 2022]
Job 105: Running MACS2...

[Wed Aug 17 16:05:46 2022]
Finished job 105.
109 of 125 steps (87%) done

[Wed Aug 17 16:05:46 2022]
Job 119: Running MACS2...

[Wed Aug 17 16:06:48 2022]
Finished job 126.
110 of 125 steps (88%) done

[Wed Aug 17 16:06:48 2022]
Job 133: Running MACS2...

[Wed Aug 17 16:11:29 2022]
Finished job 119.
111 of 125 steps (89%) done

[Wed Aug 17 16:11:29 2022]
Job 139: Running MACS2...

[Wed Aug 17 16:12:01 2022]
Finished job 133.
112 of 125 steps (90%) done

[Wed Aug 17 16:12:01 2022]
Job 118: Running MACS2...

[Wed Aug 17 16:15:04 2022]
Finished job 139.
113 of 125 steps (90%) done

[Wed Aug 17 16:15:04 2022]
Job 146: Running MACS2...

[Wed Aug 17 16:16:16 2022]
Finished job 118.
114 of 125 steps (91%) done

[Wed Aug 17 16:16:16 2022]
Job 138: Running MACS2...

[Wed Aug 17 16:19:10 2022]
Finished job 146.
115 of 125 steps (92%) done

[Wed Aug 17 16:19:10 2022]
Job 141: Running MACS2...

[Wed Aug 17 16:19:21 2022]
Finished job 138.
116 of 125 steps (93%) done

[Wed Aug 17 16:19:21 2022]
Job 149: Running MACS2...

[Wed Aug 17 16:22:38 2022]
Finished job 149.
117 of 125 steps (94%) done

[Wed Aug 17 16:22:38 2022]
Job 117: Running MACS2...

[Wed Aug 17 16:22:56 2022]
Finished job 141.
118 of 125 steps (94%) done

[Wed Aug 17 16:22:56 2022]
Job 148: Running MACS2...

[Wed Aug 17 16:25:37 2022]
Finished job 117.
119 of 125 steps (95%) done

[Wed Aug 17 16:25:37 2022]
Job 147: Running MACS2...

[Wed Aug 17 16:25:54 2022]
Finished job 148.
120 of 125 steps (96%) done

[Wed Aug 17 16:25:54 2022]
Job 150: Running MACS2...

[Wed Aug 17 16:28:21 2022]
Finished job 147.
121 of 125 steps (97%) done

[Wed Aug 17 16:28:21 2022]
Job 129: Running MACS2...

[Wed Aug 17 16:28:24 2022]
Finished job 150.
122 of 125 steps (98%) done

[Wed Aug 17 16:28:24 2022]
Job 137: Running MACS2...

[Wed Aug 17 16:29:04 2022]
Finished job 137.
123 of 125 steps (98%) done
[Wed Aug 17 16:30:28 2022]
Finished job 129.
124 of 125 steps (99%) done

[Wed Aug 17 16:30:28 2022]
localrule all:
    input: bw/dm6/atac/individual/orer_1to15_atac_4.bw, bw/dm6/atac/individual/orer_1to15_atac_6.bw, bw/dm6/atac/individual/orer_1to15_atac_7.bw, bw/dm6/atac/individual/orer_15to2_atac_4.bw, bw/dm6/atac/individual/orer_15to2_atac_6.bw, bw/dm6/atac/individual/orer_15to2_atac_7.bw, bw/dm6/atac/individual/orer_2to25_atac_4.bw, bw/dm6/atac/individual/orer_2to25_atac_6.bw, bw/dm6/atac/individual/orer_2to25_atac_7.bw, bw/dm6/atac/individual/orer_25to3_atac_4.bw, bw/dm6/atac/individual/orer_25to3_atac_6.bw, bw/dm6/atac/individual/orer_25to3_atac_7.bw, bw/dm6/atac/individual/gd7_1to15_atac_3.bw, bw/dm6/atac/individual/gd7_1to15_atac_5.bw, bw/dm6/atac/individual/gd7_1to15_atac_6.bw, bw/dm6/atac/individual/gd7_15to2_atac_3.bw, bw/dm6/atac/individual/gd7_15to2_atac_5.bw, bw/dm6/atac/individual/gd7_15to2_atac_6.bw, bw/dm6/atac/individual/gd7_2to25_atac_3.bw, bw/dm6/atac/individual/gd7_2to25_atac_5.bw, bw/dm6/atac/individual/gd7_2to25_atac_6.bw, bw/dm6/atac/individual/gd7_25to3_atac_3.bw, bw/dm6/atac/individual/gd7_25to3_atac_5.bw, bw/dm6/atac/individual/gd7_25to3_atac_6.bw, bw/dm6/atac/individual/zldrnai_1to15_atac_1.bw, bw/dm6/atac/individual/zldrnai_15to2_atac_1.bw, bw/dm6/atac/individual/zldrnai_2to25_atac_1.bw, bw/dm6/atac/individual/zldrnai_25to3_atac_1.bw, bw/dm6/atac/individual/zldrnai_1to15_atac_2.bw, bw/dm6/atac/individual/zldrnai_15to2_atac_2.bw, bw/dm6/atac/individual/zldrnai_2to25_atac_2.bw, bw/dm6/atac/individual/zldrnai_25to3_atac_2.bw, bw/dm6/atac/individual/zldrnai_1to15_atac_3.bw, bw/dm6/atac/individual/zldrnai_15to2_atac_3.bw, bw/dm6/atac/individual/zldrnai_2to25_atac_3.bw, bw/dm6/atac/individual/zldrnai_25to3_atac_3.bw, bw/dm6/atac/individual/cic6_2to25_atac_1.bw, bw/dm6/atac/individual/cic6_2to25_atac_2.bw, bw/dm6/atac/individual/cic6_2to25_atac_3.bw, bw/dm6/atac/individual/cic6_25to3_atac_1.bw, bw/dm6/atac/individual/cic6_25to3_atac_2.bw, bw/dm6/atac/individual/cic6_25to3_atac_3.bw, bw/dm6/atac/individual/gd7_2to4_atac_1.bw, bw/dm6/atac/individual/gd7_2to4_atac_2.bw, bw/dm6/atac/individual/toll10b_2to4_atac_1.bw, bw/dm6/atac/individual/toll10b_2to4_atac_2.bw, bw/dm6/mnase/individual/orer_mbt_100u_mnase_1.bw, bw/dm6/mnase/individual/orer_mbt_100u_mnase_2.bw, bw/dm6/mnase/individual/orer_mbt_100u_mnase_3.bw, bw/dm6/mnase/individual/gd7_2to4_mono_mnase_1.bw, bw/dm6/mnase/individual/gd7_2to4_mono_mnase_2.bw, bw/dm6/mnase/individual/toll10b_2to4_mono_mnase_1.bw, bw/dm6/mnase/individual/toll10b_2to4_mono_mnase_2.bw, bw/dm6/nexus/individual/orer_zld_mbt_nexus_1_positive.bw, bw/dm6/nexus/individual/orer_zld_mbt_nexus_3_positive.bw, bw/dm6/nexus/individual/orer_zld_mbt_nexus_4_positive.bw, bw/dm6/nexus/individual/orer_bcd_mbt_nexus_1_positive.bw, bw/dm6/nexus/individual/orer_bcd_mbt_nexus_2_positive.bw, bw/dm6/nexus/individual/orer_bcd_mbt_nexus_3_positive.bw, bw/dm6/nexus/individual/orer_cad_mbt_nexus_1_positive.bw, bw/dm6/nexus/individual/orer_cad_mbt_nexus_2_positive.bw, bw/dm6/nexus/individual/orer_cad_mbt_nexus_3_positive.bw, bw/dm6/nexus/individual/orer_dl_mbt_nexus_1_positive.bw, bw/dm6/nexus/individual/orer_dl_mbt_nexus_2_positive.bw, bw/dm6/nexus/individual/orer_dl_mbt_nexus_3_positive.bw, bw/dm6/nexus/individual/orer_twi_mbt_nexus_1_positive.bw, bw/dm6/nexus/individual/orer_twi_mbt_nexus_2_positive.bw, bw/dm6/nexus/individual/orer_twi_mbt_nexus_3_positive.bw, bw/dm6/nexus/individual/orer_gaf_mbt_nexus_1_positive.bw, bw/dm6/nexus/individual/orer_gaf_mbt_nexus_3_positive.bw, bw/dm6/nexus/individual/orer_gaf_mbt_nexus_4_positive.bw, bw/dm6/seq/individual/orer_h3k27ac_mbt_seq_1.bw, bw/dm6/seq/individual/orer_h3k27ac_mbt_seq_2.bw, bw/dm6/seq/individual/orer_h3k4me1_mbt_seq_1.bw, bw/dm6/seq/individual/orer_h3k4me1_mbt_seq_2.bw, bw/dm6/seq/individual/orer_wce_mbt_seq_1.bw, bw/dm6/atac/combined/orer_1to15_atac_combined.bw, bw/dm6/atac/combined/orer_15to2_atac_combined.bw, bw/dm6/atac/combined/orer_2to25_atac_combined.bw, bw/dm6/atac/combined/orer_25to3_atac_combined.bw, bw/dm6/atac/combined/gd7_1to15_atac_combined.bw, bw/dm6/atac/combined/gd7_15to2_atac_combined.bw, bw/dm6/atac/combined/gd7_2to25_atac_combined.bw, bw/dm6/atac/combined/gd7_25to3_atac_combined.bw, bw/dm6/atac/combined/zldrnai_1to15_atac_combined.bw, bw/dm6/atac/combined/zldrnai_15to2_atac_combined.bw, bw/dm6/atac/combined/zldrnai_2to25_atac_combined.bw, bw/dm6/atac/combined/zldrnai_25to3_atac_combined.bw, bw/dm6/atac/combined/cic6_2to25_atac_combined.bw, bw/dm6/atac/combined/cic6_25to3_atac_combined.bw, bw/dm6/atac/combined/gd7_2to4_atac_combined.bw, bw/dm6/atac/combined/toll10b_2to4_atac_combined.bw, bw/dm6/mnase/combined/orer_mbt_100u_mnase_combined.bw, bw/dm6/mnase/combined/gd7_2to4_mono_mnase_combined.bw, bw/dm6/mnase/combined/toll10b_2to4_mono_mnase_combined.bw, bw/dm6/nexus/combined/orer_zld_mbt_nexus_combined_positive.bw, bw/dm6/nexus/combined/orer_bcd_mbt_nexus_combined_positive.bw, bw/dm6/nexus/combined/orer_cad_mbt_nexus_combined_positive.bw, bw/dm6/nexus/combined/orer_dl_mbt_nexus_combined_positive.bw, bw/dm6/nexus/combined/orer_twi_mbt_nexus_combined_positive.bw, bw/dm6/nexus/combined/orer_gaf_mbt_nexus_combined_positive.bw, bw/dm6/seq/combined/orer_h3k27ac_mbt_seq_combined.bw, bw/dm6/seq/combined/orer_h3k27ac_mbt_seq_combined.bw, bw/dm6/seq/combined/orer_h3k4me1_mbt_seq_combined.bw, bw/dm6/seq/combined/orer_h3k4me1_mbt_seq_combined.bw, bw/dm6/seq/combined/orer_wce_mbt_seq_combined.bw, peaks/dm6/atac/individual/orer_1to15_atac_4_peaks.narrowPeak, peaks/dm6/atac/individual/orer_1to15_atac_6_peaks.narrowPeak, peaks/dm6/atac/individual/orer_1to15_atac_7_peaks.narrowPeak, peaks/dm6/atac/individual/orer_15to2_atac_4_peaks.narrowPeak, peaks/dm6/atac/individual/orer_15to2_atac_6_peaks.narrowPeak, peaks/dm6/atac/individual/orer_15to2_atac_7_peaks.narrowPeak, peaks/dm6/atac/individual/orer_2to25_atac_4_peaks.narrowPeak, peaks/dm6/atac/individual/orer_2to25_atac_6_peaks.narrowPeak, peaks/dm6/atac/individual/orer_2to25_atac_7_peaks.narrowPeak, peaks/dm6/atac/individual/orer_25to3_atac_4_peaks.narrowPeak, peaks/dm6/atac/individual/orer_25to3_atac_6_peaks.narrowPeak, peaks/dm6/atac/individual/orer_25to3_atac_7_peaks.narrowPeak, peaks/dm6/atac/individual/gd7_1to15_atac_3_peaks.narrowPeak, peaks/dm6/atac/individual/gd7_1to15_atac_5_peaks.narrowPeak, peaks/dm6/atac/individual/gd7_1to15_atac_6_peaks.narrowPeak, peaks/dm6/atac/individual/gd7_15to2_atac_3_peaks.narrowPeak, peaks/dm6/atac/individual/gd7_15to2_atac_5_peaks.narrowPeak, peaks/dm6/atac/individual/gd7_15to2_atac_6_peaks.narrowPeak, peaks/dm6/atac/individual/gd7_2to25_atac_3_peaks.narrowPeak, peaks/dm6/atac/individual/gd7_2to25_atac_5_peaks.narrowPeak, peaks/dm6/atac/individual/gd7_2to25_atac_6_peaks.narrowPeak, peaks/dm6/atac/individual/gd7_25to3_atac_3_peaks.narrowPeak, peaks/dm6/atac/individual/gd7_25to3_atac_5_peaks.narrowPeak, peaks/dm6/atac/individual/gd7_25to3_atac_6_peaks.narrowPeak, peaks/dm6/atac/individual/zldrnai_1to15_atac_1_peaks.narrowPeak, peaks/dm6/atac/individual/zldrnai_15to2_atac_1_peaks.narrowPeak, peaks/dm6/atac/individual/zldrnai_2to25_atac_1_peaks.narrowPeak, peaks/dm6/atac/individual/zldrnai_25to3_atac_1_peaks.narrowPeak, peaks/dm6/atac/individual/zldrnai_1to15_atac_2_peaks.narrowPeak, peaks/dm6/atac/individual/zldrnai_15to2_atac_2_peaks.narrowPeak, peaks/dm6/atac/individual/zldrnai_2to25_atac_2_peaks.narrowPeak, peaks/dm6/atac/individual/zldrnai_25to3_atac_2_peaks.narrowPeak, peaks/dm6/atac/individual/zldrnai_1to15_atac_3_peaks.narrowPeak, peaks/dm6/atac/individual/zldrnai_15to2_atac_3_peaks.narrowPeak, peaks/dm6/atac/individual/zldrnai_2to25_atac_3_peaks.narrowPeak, peaks/dm6/atac/individual/zldrnai_25to3_atac_3_peaks.narrowPeak, peaks/dm6/atac/individual/cic6_2to25_atac_1_peaks.narrowPeak, peaks/dm6/atac/individual/cic6_2to25_atac_2_peaks.narrowPeak, peaks/dm6/atac/individual/cic6_2to25_atac_3_peaks.narrowPeak, peaks/dm6/atac/individual/cic6_25to3_atac_1_peaks.narrowPeak, peaks/dm6/atac/individual/cic6_25to3_atac_2_peaks.narrowPeak, peaks/dm6/atac/individual/cic6_25to3_atac_3_peaks.narrowPeak, peaks/dm6/atac/individual/gd7_2to4_atac_1_peaks.narrowPeak, peaks/dm6/atac/individual/gd7_2to4_atac_2_peaks.narrowPeak, peaks/dm6/atac/individual/toll10b_2to4_atac_1_peaks.narrowPeak, peaks/dm6/atac/individual/toll10b_2to4_atac_2_peaks.narrowPeak, peaks/dm6/nexus/individual/orer_zld_mbt_nexus_1_peaks.narrowPeak, peaks/dm6/nexus/individual/orer_zld_mbt_nexus_3_peaks.narrowPeak, peaks/dm6/nexus/individual/orer_zld_mbt_nexus_4_peaks.narrowPeak, peaks/dm6/nexus/individual/orer_bcd_mbt_nexus_1_peaks.narrowPeak, peaks/dm6/nexus/individual/orer_bcd_mbt_nexus_2_peaks.narrowPeak, peaks/dm6/nexus/individual/orer_bcd_mbt_nexus_3_peaks.narrowPeak, peaks/dm6/nexus/individual/orer_cad_mbt_nexus_1_peaks.narrowPeak, peaks/dm6/nexus/individual/orer_cad_mbt_nexus_2_peaks.narrowPeak, peaks/dm6/nexus/individual/orer_cad_mbt_nexus_3_peaks.narrowPeak, peaks/dm6/nexus/individual/orer_dl_mbt_nexus_1_peaks.narrowPeak, peaks/dm6/nexus/individual/orer_dl_mbt_nexus_2_peaks.narrowPeak, peaks/dm6/nexus/individual/orer_dl_mbt_nexus_3_peaks.narrowPeak, peaks/dm6/nexus/individual/orer_twi_mbt_nexus_1_peaks.narrowPeak, peaks/dm6/nexus/individual/orer_twi_mbt_nexus_2_peaks.narrowPeak, peaks/dm6/nexus/individual/orer_twi_mbt_nexus_3_peaks.narrowPeak, peaks/dm6/nexus/individual/orer_gaf_mbt_nexus_1_peaks.narrowPeak, peaks/dm6/nexus/individual/orer_gaf_mbt_nexus_3_peaks.narrowPeak, peaks/dm6/nexus/individual/orer_gaf_mbt_nexus_4_peaks.narrowPeak, peaks/dm6/seq/individual/orer_h3k27ac_mbt_seq_1_peaks.narrowPeak, peaks/dm6/seq/individual/orer_h3k27ac_mbt_seq_2_peaks.narrowPeak, peaks/dm6/seq/individual/orer_h3k4me1_mbt_seq_1_peaks.narrowPeak, peaks/dm6/seq/individual/orer_h3k4me1_mbt_seq_2_peaks.narrowPeak, peaks/dm6/atac/combined/orer_1to15_atac_combined_peaks.narrowPeak, peaks/dm6/atac/combined/orer_15to2_atac_combined_peaks.narrowPeak, peaks/dm6/atac/combined/orer_2to25_atac_combined_peaks.narrowPeak, peaks/dm6/atac/combined/orer_25to3_atac_combined_peaks.narrowPeak, peaks/dm6/atac/combined/gd7_1to15_atac_combined_peaks.narrowPeak, peaks/dm6/atac/combined/gd7_15to2_atac_combined_peaks.narrowPeak, peaks/dm6/atac/combined/gd7_2to25_atac_combined_peaks.narrowPeak, peaks/dm6/atac/combined/gd7_25to3_atac_combined_peaks.narrowPeak, peaks/dm6/atac/combined/zldrnai_1to15_atac_combined_peaks.narrowPeak, peaks/dm6/atac/combined/zldrnai_15to2_atac_combined_peaks.narrowPeak, peaks/dm6/atac/combined/zldrnai_2to25_atac_combined_peaks.narrowPeak, peaks/dm6/atac/combined/zldrnai_25to3_atac_combined_peaks.narrowPeak, peaks/dm6/atac/combined/cic6_2to25_atac_combined_peaks.narrowPeak, peaks/dm6/atac/combined/cic6_25to3_atac_combined_peaks.narrowPeak, peaks/dm6/atac/combined/gd7_2to4_atac_combined_peaks.narrowPeak, peaks/dm6/atac/combined/toll10b_2to4_atac_combined_peaks.narrowPeak, peaks/dm6/nexus/combined/orer_zld_mbt_nexus_combined_peaks.narrowPeak, peaks/dm6/nexus/combined/orer_bcd_mbt_nexus_combined_peaks.narrowPeak, peaks/dm6/nexus/combined/orer_cad_mbt_nexus_combined_peaks.narrowPeak, peaks/dm6/nexus/combined/orer_dl_mbt_nexus_combined_peaks.narrowPeak, peaks/dm6/nexus/combined/orer_twi_mbt_nexus_combined_peaks.narrowPeak, peaks/dm6/nexus/combined/orer_gaf_mbt_nexus_combined_peaks.narrowPeak, peaks/dm6/seq/combined/orer_h3k27ac_mbt_seq_combined_peaks.narrowPeak, peaks/dm6/seq/combined/orer_h3k27ac_mbt_seq_combined_peaks.narrowPeak, peaks/dm6/seq/combined/orer_h3k4me1_mbt_seq_combined_peaks.narrowPeak, peaks/dm6/seq/combined/orer_h3k4me1_mbt_seq_combined_peaks.narrowPeak, bw/dm6/seq/individual/orer_h3k27ac_mbt_seq_1_log2_normalized.bw, bw/dm6/seq/individual/orer_h3k27ac_mbt_seq_2_log2_normalized.bw, bw/dm6/seq/individual/orer_h3k4me1_mbt_seq_1_log2_normalized.bw, bw/dm6/seq/individual/orer_h3k4me1_mbt_seq_2_log2_normalized.bw, bw/dm6/seq/combined/orer_h3k27ac_mbt_seq_combined_log2_normalized.bw, bw/dm6/seq/combined/orer_h3k4me1_mbt_seq_combined_log2_normalized.bw
    jobid: 0

[Wed Aug 17 16:30:28 2022]
Finished job 0.
125 of 125 steps (100%) done
Complete log: /l/Zeitlinger/ZeitlingerLab/Manuscripts/Zelda_and_Nucleosomes/Analysis/data/.snakemake/log/2022-08-15T160941.951775.snakemake.log
