[2022-07-13 09:00:55,971] - [INFO] - Generating perturbations from chr2L...
[2022-07-13 09:10:45,117] - [INFO] - Collecting perturbations togetherchr2L...
[2022-07-13 09:10:54,607] - [INFO] - Summarizing perturbations from chr2L...
[2022-07-13 09:10:54,607] - [INFO] - Summarizing perturbations across chr2L, Bcd...
[2022-07-13 09:12:02,269] - [INFO] - Summarizing perturbations across chr2L, Cad...
[2022-07-13 09:13:08,846] - [INFO] - Summarizing perturbations across chr2L, Dl...
[2022-07-13 09:14:14,811] - [INFO] - Summarizing perturbations across chr2L, GAF...
[2022-07-13 09:15:21,396] - [INFO] - Summarizing perturbations across chr2L, Twi...
[2022-07-13 09:16:28,044] - [INFO] - Summarizing perturbations across chr2L, Zld...
[2022-07-13 09:17:35,085] - [INFO] - Collecting all perturbs into pd.df...
[2022-07-13 09:17:35,186] - [INFO] - Writing perturbs to a .tsv.gz...
[2022-07-13 09:17:37,755] - [INFO] - Generating perturbations from chr2R...
[2022-07-13 09:27:43,620] - [INFO] - Collecting perturbations togetherchr2R...
[2022-07-13 09:27:53,545] - [INFO] - Summarizing perturbations from chr2R...
[2022-07-13 09:27:53,552] - [INFO] - Summarizing perturbations across chr2R, Bcd...
[2022-07-13 09:29:05,140] - [INFO] - Summarizing perturbations across chr2R, Cad...
[2022-07-13 09:30:15,512] - [INFO] - Summarizing perturbations across chr2R, Dl...
[2022-07-13 09:31:25,759] - [INFO] - Summarizing perturbations across chr2R, GAF...
[2022-07-13 09:32:37,433] - [INFO] - Summarizing perturbations across chr2R, Twi...
[2022-07-13 09:33:48,783] - [INFO] - Summarizing perturbations across chr2R, Zld...
[2022-07-13 09:35:00,133] - [INFO] - Collecting all perturbs into pd.df...
[2022-07-13 09:35:00,230] - [INFO] - Writing perturbs to a .tsv.gz...
[2022-07-13 09:35:02,795] - [INFO] - Generating perturbations from chr3L...
[2022-07-13 09:46:36,204] - [INFO] - Collecting perturbations togetherchr3L...
[2022-07-13 09:46:47,732] - [INFO] - Summarizing perturbations from chr3L...
[2022-07-13 09:46:47,738] - [INFO] - Summarizing perturbations across chr3L, Bcd...
[2022-07-13 09:48:07,286] - [INFO] - Summarizing perturbations across chr3L, Cad...
[2022-07-13 09:49:26,731] - [INFO] - Summarizing perturbations across chr3L, Dl...
[2022-07-13 09:50:46,671] - [INFO] - Summarizing perturbations across chr3L, GAF...
[2022-07-13 09:52:06,204] - [INFO] - Summarizing perturbations across chr3L, Twi...
[2022-07-13 09:53:25,956] - [INFO] - Summarizing perturbations across chr3L, Zld...
[2022-07-13 09:54:45,555] - [INFO] - Collecting all perturbs into pd.df...
[2022-07-13 09:54:45,657] - [INFO] - Writing perturbs to a .tsv.gz...
[2022-07-13 09:54:48,675] - [INFO] - Generating perturbations from chr3R...
[2022-07-13 10:07:48,801] - [INFO] - Collecting perturbations togetherchr3R...
[2022-07-13 10:08:01,104] - [INFO] - Summarizing perturbations from chr3R...
[2022-07-13 10:08:01,109] - [INFO] - Summarizing perturbations across chr3R, Bcd...
[2022-07-13 10:09:39,041] - [INFO] - Summarizing perturbations across chr3R, Cad...
[2022-07-13 10:11:18,777] - [INFO] - Summarizing perturbations across chr3R, Dl...
[2022-07-13 10:12:58,602] - [INFO] - Summarizing perturbations across chr3R, GAF...
[2022-07-13 10:14:38,224] - [INFO] - Summarizing perturbations across chr3R, Twi...
[2022-07-13 10:16:17,435] - [INFO] - Summarizing perturbations across chr3R, Zld...
[2022-07-13 10:17:56,971] - [INFO] - Collecting all perturbs into pd.df...
[2022-07-13 10:17:57,090] - [INFO] - Writing perturbs to a .tsv.gz...
[2022-07-13 10:18:00,226] - [INFO] - Generating perturbations from chr4...
[2022-07-13 10:18:38,596] - [INFO] - Collecting perturbations togetherchr4...
[2022-07-13 10:18:39,257] - [INFO] - Summarizing perturbations from chr4...
[2022-07-13 10:18:39,260] - [INFO] - Summarizing perturbations across chr4, Bcd...
[2022-07-13 10:18:41,427] - [INFO] - Summarizing perturbations across chr4, Cad...
[2022-07-13 10:18:43,567] - [INFO] - Summarizing perturbations across chr4, Dl...
[2022-07-13 10:18:45,689] - [INFO] - Summarizing perturbations across chr4, GAF...
[2022-07-13 10:18:47,815] - [INFO] - Summarizing perturbations across chr4, Twi...
[2022-07-13 10:18:49,934] - [INFO] - Summarizing perturbations across chr4, Zld...
[2022-07-13 10:18:52,056] - [INFO] - Collecting all perturbs into pd.df...
[2022-07-13 10:18:52,072] - [INFO] - Writing perturbs to a .tsv.gz...
[2022-07-13 10:18:52,184] - [INFO] - Generating perturbations from chrX...
[2022-07-13 10:28:23,102] - [INFO] - Collecting perturbations togetherchrX...
[2022-07-13 10:28:32,398] - [INFO] - Summarizing perturbations from chrX...
[2022-07-13 10:28:32,401] - [INFO] - Summarizing perturbations across chrX, Bcd...
[2022-07-13 10:29:37,282] - [INFO] - Summarizing perturbations across chrX, Cad...
[2022-07-13 10:30:41,837] - [INFO] - Summarizing perturbations across chrX, Dl...
[2022-07-13 10:31:46,343] - [INFO] - Summarizing perturbations across chrX, GAF...
[2022-07-13 10:32:50,850] - [INFO] - Summarizing perturbations across chrX, Twi...
[2022-07-13 10:33:55,329] - [INFO] - Summarizing perturbations across chrX, Zld...
[2022-07-13 10:35:00,345] - [INFO] - Collecting all perturbs into pd.df...
[2022-07-13 10:35:00,430] - [INFO] - Writing perturbs to a .tsv.gz...
[2022-07-13 10:35:39,338] - [INFO] - Generating perturbations from chr2L...
[2022-07-13 10:45:22,635] - [INFO] - Collecting perturbations togetherchr2L...
[2022-07-13 10:45:32,274] - [INFO] - Summarizing perturbations from chr2L...
[2022-07-13 10:45:32,276] - [INFO] - Summarizing perturbations across chr2L, Bcd...
[2022-07-13 10:45:50,447] - [INFO] - Summarizing perturbations across chr2L, Cad...
[2022-07-13 10:46:08,663] - [INFO] - Summarizing perturbations across chr2L, Dl...
[2022-07-13 10:46:26,912] - [INFO] - Summarizing perturbations across chr2L, GAF...
[2022-07-13 10:46:45,131] - [INFO] - Summarizing perturbations across chr2L, Twi...
[2022-07-13 10:47:03,350] - [INFO] - Summarizing perturbations across chr2L, Zld...
[2022-07-13 10:47:21,571] - [INFO] - Collecting all perturbs into pd.df...
[2022-07-13 10:47:21,612] - [INFO] - Writing perturbs to a .tsv.gz...
[2022-07-13 10:47:22,875] - [INFO] - Generating perturbations from chr2R...
[2022-07-13 10:57:23,118] - [INFO] - Collecting perturbations togetherchr2R...
[2022-07-13 10:57:33,042] - [INFO] - Summarizing perturbations from chr2R...
[2022-07-13 10:57:33,045] - [INFO] - Summarizing perturbations across chr2R, Bcd...
[2022-07-13 10:57:51,933] - [INFO] - Summarizing perturbations across chr2R, Cad...
[2022-07-13 10:58:10,638] - [INFO] - Summarizing perturbations across chr2R, Dl...
[2022-07-13 10:58:29,378] - [INFO] - Summarizing perturbations across chr2R, GAF...
[2022-07-13 10:58:48,148] - [INFO] - Summarizing perturbations across chr2R, Twi...
[2022-07-13 10:59:07,124] - [INFO] - Summarizing perturbations across chr2R, Zld...
[2022-07-13 10:59:25,966] - [INFO] - Collecting all perturbs into pd.df...
[2022-07-13 10:59:26,005] - [INFO] - Writing perturbs to a .tsv.gz...
[2022-07-13 10:59:26,782] - [INFO] - Generating perturbations from chr3L...
[2022-07-13 11:10:44,513] - [INFO] - Collecting perturbations togetherchr3L...
[2022-07-13 11:10:55,488] - [INFO] - Summarizing perturbations from chr3L...
[2022-07-13 11:10:55,491] - [INFO] - Summarizing perturbations across chr3L, Bcd...
[2022-07-13 11:11:16,383] - [INFO] - Summarizing perturbations across chr3L, Cad...
[2022-07-13 11:11:37,146] - [INFO] - Summarizing perturbations across chr3L, Dl...
[2022-07-13 11:11:57,942] - [INFO] - Summarizing perturbations across chr3L, GAF...
[2022-07-13 11:12:19,087] - [INFO] - Summarizing perturbations across chr3L, Twi...
[2022-07-13 11:12:39,918] - [INFO] - Summarizing perturbations across chr3L, Zld...
[2022-07-13 11:13:00,751] - [INFO] - Collecting all perturbs into pd.df...
[2022-07-13 11:13:00,794] - [INFO] - Writing perturbs to a .tsv.gz...
[2022-07-13 11:13:01,971] - [INFO] - Generating perturbations from chr3R...
[2022-07-13 11:26:08,552] - [INFO] - Collecting perturbations togetherchr3R...
[2022-07-13 11:26:22,363] - [INFO] - Summarizing perturbations from chr3R...
[2022-07-13 11:26:22,366] - [INFO] - Summarizing perturbations across chr3R, Bcd...
[2022-07-13 11:26:51,067] - [INFO] - Summarizing perturbations across chr3R, Cad...
[2022-07-13 11:27:19,672] - [INFO] - Summarizing perturbations across chr3R, Dl...
[2022-07-13 11:27:48,310] - [INFO] - Summarizing perturbations across chr3R, GAF...
[2022-07-13 11:28:16,775] - [INFO] - Summarizing perturbations across chr3R, Twi...
[2022-07-13 11:28:45,025] - [INFO] - Summarizing perturbations across chr3R, Zld...
[2022-07-13 11:29:13,176] - [INFO] - Collecting all perturbs into pd.df...
[2022-07-13 11:29:13,245] - [INFO] - Writing perturbs to a .tsv.gz...
[2022-07-13 11:29:14,528] - [INFO] - Generating perturbations from chr4...
[2022-07-13 11:29:50,507] - [INFO] - Collecting perturbations togetherchr4...
[2022-07-13 11:29:51,118] - [INFO] - Summarizing perturbations from chr4...
[2022-07-13 11:29:51,120] - [INFO] - Summarizing perturbations across chr4, Bcd...
[2022-07-13 11:29:52,175] - [INFO] - Summarizing perturbations across chr4, Cad...
[2022-07-13 11:29:53,207] - [INFO] - Summarizing perturbations across chr4, Dl...
[2022-07-13 11:29:54,277] - [INFO] - Summarizing perturbations across chr4, GAF...
[2022-07-13 11:29:55,369] - [INFO] - Summarizing perturbations across chr4, Twi...
[2022-07-13 11:29:56,450] - [INFO] - Summarizing perturbations across chr4, Zld...
[2022-07-13 11:29:57,580] - [INFO] - Collecting all perturbs into pd.df...
[2022-07-13 11:29:57,595] - [INFO] - Writing perturbs to a .tsv.gz...
[2022-07-13 11:29:57,640] - [INFO] - Generating perturbations from chrX...
[2022-07-13 11:39:52,719] - [INFO] - Collecting perturbations togetherchrX...
[2022-07-13 11:40:02,631] - [INFO] - Summarizing perturbations from chrX...
[2022-07-13 11:40:02,634] - [INFO] - Summarizing perturbations across chrX, Bcd...
[2022-07-13 11:40:22,856] - [INFO] - Summarizing perturbations across chrX, Cad...
[2022-07-13 11:40:42,963] - [INFO] - Summarizing perturbations across chrX, Dl...
[2022-07-13 11:41:03,507] - [INFO] - Summarizing perturbations across chrX, GAF...
[2022-07-13 11:41:23,803] - [INFO] - Summarizing perturbations across chrX, Twi...
[2022-07-13 11:41:43,812] - [INFO] - Summarizing perturbations across chrX, Zld...
[2022-07-13 11:42:04,046] - [INFO] - Collecting all perturbs into pd.df...
[2022-07-13 11:42:04,099] - [INFO] - Writing perturbs to a .tsv.gz...
[2022-07-18 11:05:46,583] - [INFO] - Generating perturbations from chr2L...
[2022-07-18 11:18:45,465] - [INFO] - Collecting perturbations togetherchr2L...
[2022-07-18 11:19:00,355] - [INFO] - Summarizing perturbations from chr2L...
[2022-07-18 11:19:00,357] - [INFO] - Summarizing perturbations across chr2L, Bcd...
[2022-07-18 11:20:51,361] - [INFO] - Summarizing perturbations across chr2L, Cad...
[2022-07-18 11:22:42,499] - [INFO] - Summarizing perturbations across chr2L, Dl...
[2022-07-18 11:24:33,432] - [INFO] - Summarizing perturbations across chr2L, GAF...
[2022-07-18 11:26:26,382] - [INFO] - Summarizing perturbations across chr2L, Twi...
[2022-07-18 11:28:15,999] - [INFO] - Summarizing perturbations across chr2L, Zld...
[2022-07-18 11:30:06,096] - [INFO] - Collecting all perturbs into pd.df...
[2022-07-18 11:30:06,237] - [INFO] - Writing perturbs to a .tsv.gz...
[2022-07-18 11:30:10,584] - [INFO] - Generating perturbations from chr2R...
[2022-07-18 11:43:37,028] - [INFO] - Collecting perturbations togetherchr2R...
[2022-07-18 11:43:51,441] - [INFO] - Summarizing perturbations from chr2R...
[2022-07-18 11:43:51,448] - [INFO] - Summarizing perturbations across chr2R, Bcd...
[2022-07-18 11:45:50,822] - [INFO] - Summarizing perturbations across chr2R, Cad...
[2022-07-18 11:47:49,498] - [INFO] - Summarizing perturbations across chr2R, Dl...
[2022-07-18 11:49:48,220] - [INFO] - Summarizing perturbations across chr2R, GAF...
[2022-07-18 11:51:47,807] - [INFO] - Summarizing perturbations across chr2R, Twi...
[2022-07-18 11:53:46,303] - [INFO] - Summarizing perturbations across chr2R, Zld...
[2022-07-18 11:55:44,811] - [INFO] - Collecting all perturbs into pd.df...
[2022-07-18 11:55:44,960] - [INFO] - Writing perturbs to a .tsv.gz...
[2022-07-18 11:55:49,710] - [INFO] - Generating perturbations from chr3L...
[2022-07-18 12:10:42,235] - [INFO] - Collecting perturbations togetherchr3L...
[2022-07-18 12:10:57,621] - [INFO] - Summarizing perturbations from chr3L...
[2022-07-18 12:10:57,628] - [INFO] - Summarizing perturbations across chr3L, Bcd...
[2022-07-18 12:13:10,435] - [INFO] - Summarizing perturbations across chr3L, Cad...
[2022-07-18 12:15:23,088] - [INFO] - Summarizing perturbations across chr3L, Dl...
[2022-07-18 12:17:35,985] - [INFO] - Summarizing perturbations across chr3L, GAF...
[2022-07-18 12:19:48,653] - [INFO] - Summarizing perturbations across chr3L, Twi...
[2022-07-18 12:22:02,601] - [INFO] - Summarizing perturbations across chr3L, Zld...
[2022-07-18 12:24:16,672] - [INFO] - Collecting all perturbs into pd.df...
[2022-07-18 12:24:16,831] - [INFO] - Writing perturbs to a .tsv.gz...
[2022-07-18 12:24:21,562] - [INFO] - Generating perturbations from chr3R...
[2022-07-18 12:43:05,315] - [INFO] - Collecting perturbations togetherchr3R...
[2022-07-18 12:43:28,019] - [INFO] - Summarizing perturbations from chr3R...
[2022-07-18 12:43:28,026] - [INFO] - Summarizing perturbations across chr3R, Bcd...
[2022-07-18 12:46:17,891] - [INFO] - Summarizing perturbations across chr3R, Cad...
[2022-07-18 12:49:09,982] - [INFO] - Summarizing perturbations across chr3R, Dl...
[2022-07-18 12:52:02,822] - [INFO] - Summarizing perturbations across chr3R, GAF...
[2022-07-18 12:54:55,022] - [INFO] - Summarizing perturbations across chr3R, Twi...
[2022-07-18 12:57:47,568] - [INFO] - Summarizing perturbations across chr3R, Zld...
[2022-07-18 13:00:40,359] - [INFO] - Collecting all perturbs into pd.df...
[2022-07-18 13:00:40,529] - [INFO] - Writing perturbs to a .tsv.gz...
[2022-07-18 13:00:46,899] - [INFO] - Generating perturbations from chr4...
[2022-07-18 13:01:37,882] - [INFO] - Collecting perturbations togetherchr4...
[2022-07-18 13:01:38,612] - [INFO] - Summarizing perturbations from chr4...
[2022-07-18 13:01:38,617] - [INFO] - Summarizing perturbations across chr4, Bcd...
[2022-07-18 13:01:41,623] - [INFO] - Summarizing perturbations across chr4, Cad...
[2022-07-18 13:01:44,619] - [INFO] - Summarizing perturbations across chr4, Dl...
[2022-07-18 13:01:47,592] - [INFO] - Summarizing perturbations across chr4, GAF...
[2022-07-18 13:01:50,572] - [INFO] - Summarizing perturbations across chr4, Twi...
[2022-07-18 13:01:53,557] - [INFO] - Summarizing perturbations across chr4, Zld...
[2022-07-18 13:01:56,525] - [INFO] - Collecting all perturbs into pd.df...
[2022-07-18 13:01:56,546] - [INFO] - Writing perturbs to a .tsv.gz...
[2022-07-18 13:01:56,872] - [INFO] - Generating perturbations from chrX...
[2022-07-18 13:02:33,090] - [INFO] - Generating perturbations from chr2L...
[2022-07-18 13:16:34,141] - [INFO] - Collecting perturbations togetherchr2L...
[2022-07-18 13:16:52,425] - [INFO] - Summarizing perturbations from chr2L...
[2022-07-18 13:16:52,426] - [INFO] - Summarizing perturbations across chr2L, Bcd...
[2022-07-18 13:17:18,695] - [INFO] - Summarizing perturbations across chr2L, Cad...
[2022-07-18 13:17:45,137] - [INFO] - Summarizing perturbations across chr2L, Dl...
[2022-07-18 13:18:11,614] - [INFO] - Summarizing perturbations across chr2L, GAF...
[2022-07-18 13:18:37,864] - [INFO] - Summarizing perturbations across chr2L, Twi...
[2022-07-18 13:19:04,170] - [INFO] - Summarizing perturbations across chr2L, Zld...
[2022-07-18 13:19:30,392] - [INFO] - Collecting all perturbs into pd.df...
[2022-07-18 13:19:30,450] - [INFO] - Writing perturbs to a .tsv.gz...
[2022-07-18 13:19:32,086] - [INFO] - Generating perturbations from chr2R...
[2022-07-18 13:33:22,090] - [INFO] - Collecting perturbations togetherchr2R...
[2022-07-18 13:33:42,438] - [INFO] - Summarizing perturbations from chr2R...
[2022-07-18 13:33:42,443] - [INFO] - Summarizing perturbations across chr2R, Bcd...
[2022-07-18 13:34:11,860] - [INFO] - Summarizing perturbations across chr2R, Cad...
[2022-07-18 13:34:41,304] - [INFO] - Summarizing perturbations across chr2R, Dl...
[2022-07-18 13:35:10,684] - [INFO] - Summarizing perturbations across chr2R, GAF...
[2022-07-18 13:35:39,972] - [INFO] - Summarizing perturbations across chr2R, Twi...
[2022-07-18 13:36:09,214] - [INFO] - Summarizing perturbations across chr2R, Zld...
[2022-07-18 13:36:38,491] - [INFO] - Collecting all perturbs into pd.df...
[2022-07-18 13:36:38,552] - [INFO] - Writing perturbs to a .tsv.gz...
[2022-07-18 13:36:39,964] - [INFO] - Generating perturbations from chr3L...
[2022-07-18 13:52:00,550] - [INFO] - Collecting perturbations togetherchr3L...
[2022-07-18 13:52:34,669] - [INFO] - Summarizing perturbations from chr3L...
[2022-07-18 13:52:34,673] - [INFO] - Summarizing perturbations across chr3L, Bcd...
[2022-07-18 13:53:07,590] - [INFO] - Summarizing perturbations across chr3L, Cad...
[2022-07-18 13:53:40,905] - [INFO] - Summarizing perturbations across chr3L, Dl...
[2022-07-18 13:54:14,414] - [INFO] - Summarizing perturbations across chr3L, GAF...
[2022-07-18 13:54:44,908] - [INFO] - Summarizing perturbations across chr3L, Twi...
[2022-07-18 13:55:15,405] - [INFO] - Summarizing perturbations across chr3L, Zld...
[2022-07-18 13:55:45,777] - [INFO] - Collecting all perturbs into pd.df...
[2022-07-18 13:55:45,838] - [INFO] - Writing perturbs to a .tsv.gz...
[2022-07-18 13:55:47,084] - [INFO] - Generating perturbations from chr3R...
[2022-07-18 14:12:56,305] - [INFO] - Collecting perturbations togetherchr3R...
[2022-07-18 14:13:13,702] - [INFO] - Summarizing perturbations from chr3R...
[2022-07-18 14:13:13,706] - [INFO] - Summarizing perturbations across chr3R, Bcd...
[2022-07-18 14:13:49,011] - [INFO] - Summarizing perturbations across chr3R, Cad...
[2022-07-18 14:14:24,266] - [INFO] - Summarizing perturbations across chr3R, Dl...
[2022-07-18 14:14:59,532] - [INFO] - Summarizing perturbations across chr3R, GAF...
[2022-07-18 14:15:34,864] - [INFO] - Summarizing perturbations across chr3R, Twi...
[2022-07-18 14:16:10,112] - [INFO] - Summarizing perturbations across chr3R, Zld...
[2022-07-18 14:16:45,899] - [INFO] - Collecting all perturbs into pd.df...
[2022-07-18 14:16:45,963] - [INFO] - Writing perturbs to a .tsv.gz...
[2022-07-18 14:16:47,706] - [INFO] - Generating perturbations from chr4...
[2022-07-18 14:17:38,856] - [INFO] - Collecting perturbations togetherchr4...
[2022-07-18 14:17:39,675] - [INFO] - Summarizing perturbations from chr4...
[2022-07-18 14:17:39,677] - [INFO] - Summarizing perturbations across chr4, Bcd...
[2022-07-18 14:17:41,069] - [INFO] - Summarizing perturbations across chr4, Cad...
[2022-07-18 14:17:42,437] - [INFO] - Summarizing perturbations across chr4, Dl...
[2022-07-18 14:17:43,808] - [INFO] - Summarizing perturbations across chr4, GAF...
[2022-07-18 14:17:45,177] - [INFO] - Summarizing perturbations across chr4, Twi...
[2022-07-18 14:17:46,538] - [INFO] - Summarizing perturbations across chr4, Zld...
[2022-07-18 14:17:47,891] - [INFO] - Collecting all perturbs into pd.df...
[2022-07-18 14:17:47,906] - [INFO] - Writing perturbs to a .tsv.gz...
[2022-07-18 14:17:47,980] - [INFO] - Generating perturbations from chrX...
[2022-07-18 15:00:46,474] - [INFO] - Generating perturbations from chr2L...
[2022-07-18 15:14:09,827] - [INFO] - Collecting perturbations togetherchr2L...
[2022-07-18 15:14:24,576] - [INFO] - Summarizing perturbations from chr2L...
[2022-07-18 15:14:24,578] - [INFO] - Summarizing perturbations across chr2L, Bcd...
[2022-07-18 15:16:14,739] - [INFO] - Summarizing perturbations across chr2L, Cad...
[2022-07-18 15:18:04,171] - [INFO] - Summarizing perturbations across chr2L, Dl...
[2022-07-18 15:19:53,057] - [INFO] - Summarizing perturbations across chr2L, GAF...
[2022-07-18 15:21:42,217] - [INFO] - Summarizing perturbations across chr2L, Twi...
[2022-07-18 15:23:33,651] - [INFO] - Summarizing perturbations across chr2L, Zld...
[2022-07-18 15:25:24,861] - [INFO] - Collecting all perturbs into pd.df...
[2022-07-18 15:25:25,003] - [INFO] - Writing perturbs to a .tsv.gz...
[2022-07-18 15:25:29,214] - [INFO] - Generating perturbations from chr2R...
[2022-07-18 15:39:18,884] - [INFO] - Collecting perturbations togetherchr2R...
[2022-07-18 15:39:34,690] - [INFO] - Summarizing perturbations from chr2R...
[2022-07-18 15:39:34,697] - [INFO] - Summarizing perturbations across chr2R, Bcd...
[2022-07-18 15:41:32,062] - [INFO] - Summarizing perturbations across chr2R, Cad...
[2022-07-18 15:43:31,692] - [INFO] - Summarizing perturbations across chr2R, Dl...
[2022-07-18 15:45:31,657] - [INFO] - Summarizing perturbations across chr2R, GAF...
[2022-07-18 15:47:31,375] - [INFO] - Summarizing perturbations across chr2R, Twi...
[2022-07-18 15:49:31,224] - [INFO] - Summarizing perturbations across chr2R, Zld...
[2022-07-18 15:51:31,169] - [INFO] - Collecting all perturbs into pd.df...
[2022-07-18 15:51:31,314] - [INFO] - Writing perturbs to a .tsv.gz...
[2022-07-18 15:51:35,572] - [INFO] - Generating perturbations from chr3L...
[2022-07-18 16:06:44,930] - [INFO] - Collecting perturbations togetherchr3L...
[2022-07-18 16:07:00,318] - [INFO] - Summarizing perturbations from chr3L...
[2022-07-18 16:07:00,325] - [INFO] - Summarizing perturbations across chr3L, Bcd...
[2022-07-18 16:09:13,853] - [INFO] - Summarizing perturbations across chr3L, Cad...
[2022-07-18 16:11:27,760] - [INFO] - Summarizing perturbations across chr3L, Dl...
[2022-07-18 16:13:47,330] - [INFO] - Summarizing perturbations across chr3L, GAF...
[2022-07-18 16:16:07,236] - [INFO] - Summarizing perturbations across chr3L, Twi...
[2022-07-18 16:18:26,917] - [INFO] - Summarizing perturbations across chr3L, Zld...
[2022-07-18 16:20:46,643] - [INFO] - Collecting all perturbs into pd.df...
[2022-07-18 16:20:46,803] - [INFO] - Writing perturbs to a .tsv.gz...
[2022-07-18 16:20:51,435] - [INFO] - Generating perturbations from chr3R...
[2022-07-18 16:38:58,571] - [INFO] - Collecting perturbations togetherchr3R...
[2022-07-18 16:39:18,467] - [INFO] - Summarizing perturbations from chr3R...
[2022-07-18 16:39:18,474] - [INFO] - Summarizing perturbations across chr3R, Bcd...
[2022-07-18 16:42:06,871] - [INFO] - Summarizing perturbations across chr3R, Cad...
[2022-07-18 16:44:57,467] - [INFO] - Summarizing perturbations across chr3R, Dl...
[2022-07-18 16:47:51,224] - [INFO] - Summarizing perturbations across chr3R, GAF...
[2022-07-18 16:50:45,685] - [INFO] - Summarizing perturbations across chr3R, Twi...
[2022-07-18 16:53:38,118] - [INFO] - Summarizing perturbations across chr3R, Zld...
[2022-07-18 16:56:29,213] - [INFO] - Collecting all perturbs into pd.df...
[2022-07-18 16:56:29,397] - [INFO] - Writing perturbs to a .tsv.gz...
[2022-07-18 16:56:34,587] - [INFO] - Generating perturbations from chr4...
[2022-07-18 16:57:23,017] - [INFO] - Collecting perturbations togetherchr4...
[2022-07-18 16:57:23,801] - [INFO] - Summarizing perturbations from chr4...
[2022-07-18 16:57:23,808] - [INFO] - Summarizing perturbations across chr4, Bcd...
[2022-07-18 16:57:26,840] - [INFO] - Summarizing perturbations across chr4, Cad...
[2022-07-18 16:57:29,848] - [INFO] - Summarizing perturbations across chr4, Dl...
[2022-07-18 16:57:32,866] - [INFO] - Summarizing perturbations across chr4, GAF...
[2022-07-18 16:57:35,884] - [INFO] - Summarizing perturbations across chr4, Twi...
[2022-07-18 16:57:38,884] - [INFO] - Summarizing perturbations across chr4, Zld...
[2022-07-18 16:57:41,920] - [INFO] - Collecting all perturbs into pd.df...
[2022-07-18 16:57:41,939] - [INFO] - Writing perturbs to a .tsv.gz...
[2022-07-18 16:57:42,132] - [INFO] - Generating perturbations from chrX...
[2022-07-18 17:10:39,971] - [INFO] - Collecting perturbations togetherchrX...
[2022-07-18 17:10:53,373] - [INFO] - Summarizing perturbations from chrX...
[2022-07-18 17:10:53,375] - [INFO] - Summarizing perturbations across chrX, Bcd...
[2022-07-18 17:12:45,515] - [INFO] - Summarizing perturbations across chrX, Cad...
[2022-07-18 17:14:39,714] - [INFO] - Summarizing perturbations across chrX, Dl...
[2022-07-18 17:16:34,373] - [INFO] - Summarizing perturbations across chrX, GAF...
[2022-07-18 17:18:28,593] - [INFO] - Summarizing perturbations across chrX, Twi...
[2022-07-18 17:20:22,950] - [INFO] - Summarizing perturbations across chrX, Zld...
[2022-07-18 17:22:17,048] - [INFO] - Collecting all perturbs into pd.df...
[2022-07-18 17:22:17,205] - [INFO] - Writing perturbs to a .tsv.gz...
[2022-07-18 17:22:58,625] - [INFO] - Generating perturbations from chr2L...
[2022-07-18 17:36:12,232] - [INFO] - Collecting perturbations togetherchr2L...
[2022-07-18 17:36:27,071] - [INFO] - Summarizing perturbations from chr2L...
[2022-07-18 17:36:27,073] - [INFO] - Summarizing perturbations across chr2L, Bcd...
[2022-07-18 17:36:54,465] - [INFO] - Summarizing perturbations across chr2L, Cad...
[2022-07-18 17:37:21,833] - [INFO] - Summarizing perturbations across chr2L, Dl...
[2022-07-18 17:37:49,330] - [INFO] - Summarizing perturbations across chr2L, GAF...
[2022-07-18 17:38:17,146] - [INFO] - Summarizing perturbations across chr2L, Twi...
[2022-07-18 17:38:44,606] - [INFO] - Summarizing perturbations across chr2L, Zld...
[2022-07-18 17:39:11,976] - [INFO] - Collecting all perturbs into pd.df...
[2022-07-18 17:39:12,032] - [INFO] - Writing perturbs to a .tsv.gz...
[2022-07-18 17:39:13,398] - [INFO] - Generating perturbations from chr2R...
[2022-07-18 17:53:08,519] - [INFO] - Collecting perturbations togetherchr2R...
[2022-07-18 17:53:27,718] - [INFO] - Summarizing perturbations from chr2R...
[2022-07-18 17:53:27,723] - [INFO] - Summarizing perturbations across chr2R, Bcd...
[2022-07-18 17:53:55,058] - [INFO] - Summarizing perturbations across chr2R, Cad...
[2022-07-18 17:54:22,250] - [INFO] - Summarizing perturbations across chr2R, Dl...
[2022-07-18 17:54:49,364] - [INFO] - Summarizing perturbations across chr2R, GAF...
[2022-07-18 17:55:16,407] - [INFO] - Summarizing perturbations across chr2R, Twi...
[2022-07-18 17:55:43,499] - [INFO] - Summarizing perturbations across chr2R, Zld...
[2022-07-18 17:56:10,919] - [INFO] - Collecting all perturbs into pd.df...
[2022-07-18 17:56:10,975] - [INFO] - Writing perturbs to a .tsv.gz...
[2022-07-18 17:56:12,390] - [INFO] - Generating perturbations from chr3L...
[2022-07-18 18:11:42,538] - [INFO] - Collecting perturbations togetherchr3L...
[2022-07-18 18:12:07,050] - [INFO] - Summarizing perturbations from chr3L...
[2022-07-18 18:12:07,056] - [INFO] - Summarizing perturbations across chr3L, Bcd...
[2022-07-18 18:12:39,309] - [INFO] - Summarizing perturbations across chr3L, Cad...
[2022-07-18 18:13:11,781] - [INFO] - Summarizing perturbations across chr3L, Dl...
[2022-07-18 18:13:44,162] - [INFO] - Summarizing perturbations across chr3L, GAF...
[2022-07-18 18:14:16,476] - [INFO] - Summarizing perturbations across chr3L, Twi...
[2022-07-18 18:14:48,776] - [INFO] - Summarizing perturbations across chr3L, Zld...
[2022-07-18 18:15:21,566] - [INFO] - Collecting all perturbs into pd.df...
[2022-07-18 18:15:21,637] - [INFO] - Writing perturbs to a .tsv.gz...
[2022-07-18 18:15:23,174] - [INFO] - Generating perturbations from chr3R...
[2022-07-18 18:33:28,691] - [INFO] - Collecting perturbations togetherchr3R...
[2022-07-18 18:33:48,217] - [INFO] - Summarizing perturbations from chr3R...
[2022-07-18 18:33:48,222] - [INFO] - Summarizing perturbations across chr3R, Bcd...
[2022-07-18 18:34:25,215] - [INFO] - Summarizing perturbations across chr3R, Cad...
[2022-07-18 18:35:02,416] - [INFO] - Summarizing perturbations across chr3R, Dl...
[2022-07-18 18:35:39,625] - [INFO] - Summarizing perturbations across chr3R, GAF...
[2022-07-18 18:36:16,860] - [INFO] - Summarizing perturbations across chr3R, Twi...
[2022-07-18 18:36:54,343] - [INFO] - Summarizing perturbations across chr3R, Zld...
[2022-07-18 18:37:31,499] - [INFO] - Collecting all perturbs into pd.df...
[2022-07-18 18:37:31,565] - [INFO] - Writing perturbs to a .tsv.gz...
[2022-07-18 18:37:33,299] - [INFO] - Generating perturbations from chr4...
[2022-07-18 18:38:25,848] - [INFO] - Collecting perturbations togetherchr4...
[2022-07-18 18:38:27,271] - [INFO] - Summarizing perturbations from chr4...
[2022-07-18 18:38:27,274] - [INFO] - Summarizing perturbations across chr4, Bcd...
[2022-07-18 18:38:28,598] - [INFO] - Summarizing perturbations across chr4, Cad...
[2022-07-18 18:38:29,905] - [INFO] - Summarizing perturbations across chr4, Dl...
[2022-07-18 18:38:31,213] - [INFO] - Summarizing perturbations across chr4, GAF...
[2022-07-18 18:38:32,519] - [INFO] - Summarizing perturbations across chr4, Twi...
[2022-07-18 18:38:33,824] - [INFO] - Summarizing perturbations across chr4, Zld...
[2022-07-18 18:38:35,147] - [INFO] - Collecting all perturbs into pd.df...
[2022-07-18 18:38:35,162] - [INFO] - Writing perturbs to a .tsv.gz...
[2022-07-18 18:38:35,353] - [INFO] - Generating perturbations from chrX...
[2022-07-18 18:51:46,750] - [INFO] - Collecting perturbations togetherchrX...
[2022-07-18 18:52:08,019] - [INFO] - Summarizing perturbations from chrX...
[2022-07-18 18:52:08,021] - [INFO] - Summarizing perturbations across chrX, Bcd...
[2022-07-18 18:52:35,463] - [INFO] - Summarizing perturbations across chrX, Cad...
[2022-07-18 18:53:03,079] - [INFO] - Summarizing perturbations across chrX, Dl...
[2022-07-18 18:53:31,006] - [INFO] - Summarizing perturbations across chrX, GAF...
[2022-07-18 18:53:58,531] - [INFO] - Summarizing perturbations across chrX, Twi...
[2022-07-18 18:54:25,890] - [INFO] - Summarizing perturbations across chrX, Zld...
[2022-07-18 18:54:53,522] - [INFO] - Collecting all perturbs into pd.df...
[2022-07-18 18:54:53,577] - [INFO] - Writing perturbs to a .tsv.gz...
[2022-08-04 14:03:02,816] - [INFO] - Generating perturbations from chr2L...
[2022-08-04 14:19:26,182] - [INFO] - Collecting perturbations togetherchr2L...
[2022-08-04 14:20:04,547] - [INFO] - Summarizing perturbations from chr2L...
[2022-08-04 14:20:04,549] - [INFO] - Summarizing perturbations across chr2L, Bcd...
[2022-08-04 14:22:32,960] - [INFO] - Summarizing perturbations across chr2L, Cad...
[2022-08-04 14:24:59,993] - [INFO] - Summarizing perturbations across chr2L, Dl...
[2022-08-04 14:27:32,937] - [INFO] - Summarizing perturbations across chr2L, GAF...
[2022-08-04 14:30:00,381] - [INFO] - Summarizing perturbations across chr2L, Twi...
[2022-08-04 14:32:28,299] - [INFO] - Summarizing perturbations across chr2L, Zld...
[2022-08-04 14:34:55,626] - [INFO] - Collecting all perturbs into pd.df...
[2022-08-04 14:34:55,821] - [INFO] - Writing perturbs to a .tsv.gz...
[2022-08-04 14:35:00,750] - [INFO] - Generating perturbations from chr2R...
[2022-08-04 14:52:01,139] - [INFO] - Collecting perturbations togetherchr2R...
[2022-08-04 14:52:39,848] - [INFO] - Summarizing perturbations from chr2R...
[2022-08-04 14:52:39,855] - [INFO] - Summarizing perturbations across chr2R, Bcd...
[2022-08-04 14:55:12,804] - [INFO] - Summarizing perturbations across chr2R, Cad...
[2022-08-04 14:57:51,060] - [INFO] - Summarizing perturbations across chr2R, Dl...
[2022-08-04 15:00:28,024] - [INFO] - Summarizing perturbations across chr2R, GAF...
[2022-08-04 15:03:10,202] - [INFO] - Summarizing perturbations across chr2R, Twi...
[2022-08-04 15:05:49,625] - [INFO] - Summarizing perturbations across chr2R, Zld...
[2022-08-04 15:08:27,724] - [INFO] - Collecting all perturbs into pd.df...
[2022-08-04 15:08:27,922] - [INFO] - Writing perturbs to a .tsv.gz...
[2022-08-04 15:08:33,029] - [INFO] - Generating perturbations from chr3L...
[2022-08-04 15:27:44,254] - [INFO] - Collecting perturbations togetherchr3L...
[2022-08-04 15:28:41,829] - [INFO] - Summarizing perturbations from chr3L...
[2022-08-04 15:28:41,836] - [INFO] - Summarizing perturbations across chr3L, Bcd...
[2022-08-04 15:31:39,820] - [INFO] - Summarizing perturbations across chr3L, Cad...
[2022-08-04 15:34:38,773] - [INFO] - Summarizing perturbations across chr3L, Dl...
[2022-08-04 15:37:45,936] - [INFO] - Summarizing perturbations across chr3L, GAF...
[2022-08-04 15:40:49,050] - [INFO] - Summarizing perturbations across chr3L, Twi...
[2022-08-04 15:43:50,897] - [INFO] - Summarizing perturbations across chr3L, Zld...
[2022-08-04 15:46:52,733] - [INFO] - Collecting all perturbs into pd.df...
[2022-08-04 15:46:52,907] - [INFO] - Writing perturbs to a .tsv.gz...
[2022-08-04 15:46:58,770] - [INFO] - Generating perturbations from chr3R...
[2022-08-04 16:09:01,682] - [INFO] - Collecting perturbations togetherchr3R...
[2022-08-04 16:10:07,452] - [INFO] - Summarizing perturbations from chr3R...
[2022-08-04 16:10:07,460] - [INFO] - Summarizing perturbations across chr3R, Bcd...
[2022-08-04 16:13:53,861] - [INFO] - Summarizing perturbations across chr3R, Cad...
[2022-08-04 16:17:33,356] - [INFO] - Summarizing perturbations across chr3R, Dl...
[2022-08-04 16:21:11,526] - [INFO] - Summarizing perturbations across chr3R, GAF...
[2022-08-04 16:24:48,541] - [INFO] - Summarizing perturbations across chr3R, Twi...
[2022-08-04 16:28:29,852] - [INFO] - Summarizing perturbations across chr3R, Zld...
[2022-08-04 16:32:10,173] - [INFO] - Collecting all perturbs into pd.df...
[2022-08-04 16:32:10,412] - [INFO] - Writing perturbs to a .tsv.gz...
[2022-08-04 16:32:16,395] - [INFO] - Generating perturbations from chr4...
[2022-08-04 16:33:12,442] - [INFO] - Collecting perturbations togetherchr4...
[2022-08-04 16:33:14,844] - [INFO] - Summarizing perturbations from chr4...
[2022-08-04 16:33:14,851] - [INFO] - Summarizing perturbations across chr4, Bcd...
[2022-08-04 16:33:18,701] - [INFO] - Summarizing perturbations across chr4, Cad...
[2022-08-04 16:33:22,476] - [INFO] - Summarizing perturbations across chr4, Dl...
[2022-08-04 16:33:26,125] - [INFO] - Summarizing perturbations across chr4, GAF...
[2022-08-04 16:33:29,962] - [INFO] - Summarizing perturbations across chr4, Twi...
[2022-08-04 16:33:33,599] - [INFO] - Summarizing perturbations across chr4, Zld...
[2022-08-04 16:33:37,456] - [INFO] - Collecting all perturbs into pd.df...
[2022-08-04 16:33:37,481] - [INFO] - Writing perturbs to a .tsv.gz...
[2022-08-04 16:33:37,721] - [INFO] - Generating perturbations from chrX...
[2022-08-04 16:49:27,926] - [INFO] - Collecting perturbations togetherchrX...
[2022-08-04 16:50:02,296] - [INFO] - Summarizing perturbations from chrX...
[2022-08-04 16:50:02,298] - [INFO] - Summarizing perturbations across chrX, Bcd...
[2022-08-04 16:51:56,894] - [INFO] - Summarizing perturbations across chrX, Cad...
[2022-08-04 16:53:51,879] - [INFO] - Summarizing perturbations across chrX, Dl...
[2022-08-04 16:55:47,712] - [INFO] - Summarizing perturbations across chrX, GAF...
[2022-08-04 16:57:43,436] - [INFO] - Summarizing perturbations across chrX, Twi...
[2022-08-04 16:59:36,828] - [INFO] - Summarizing perturbations across chrX, Zld...
[2022-08-04 17:01:30,234] - [INFO] - Collecting all perturbs into pd.df...
[2022-08-04 17:01:30,375] - [INFO] - Writing perturbs to a .tsv.gz...
[2022-08-04 17:02:19,861] - [INFO] - Generating perturbations from chr2L...
[2022-08-04 17:15:20,086] - [INFO] - Collecting perturbations togetherchr2L...
[2022-08-04 17:15:33,695] - [INFO] - Summarizing perturbations from chr2L...
[2022-08-04 17:15:33,696] - [INFO] - Summarizing perturbations across chr2L, Bcd...
[2022-08-04 17:16:00,020] - [INFO] - Summarizing perturbations across chr2L, Cad...
[2022-08-04 17:16:26,416] - [INFO] - Summarizing perturbations across chr2L, Dl...
[2022-08-04 17:16:53,012] - [INFO] - Summarizing perturbations across chr2L, GAF...
[2022-08-04 17:17:19,862] - [INFO] - Summarizing perturbations across chr2L, Twi...
[2022-08-04 17:17:46,424] - [INFO] - Summarizing perturbations across chr2L, Zld...
[2022-08-04 17:18:12,998] - [INFO] - Collecting all perturbs into pd.df...
[2022-08-04 17:18:13,054] - [INFO] - Writing perturbs to a .tsv.gz...
[2022-08-04 17:18:14,438] - [INFO] - Generating perturbations from chr2R...
[2022-08-04 17:31:41,681] - [INFO] - Collecting perturbations togetherchr2R...
[2022-08-04 17:31:55,901] - [INFO] - Summarizing perturbations from chr2R...
[2022-08-04 17:31:55,904] - [INFO] - Summarizing perturbations across chr2R, Bcd...
[2022-08-04 17:32:23,665] - [INFO] - Summarizing perturbations across chr2R, Cad...
[2022-08-04 17:32:51,346] - [INFO] - Summarizing perturbations across chr2R, Dl...
[2022-08-04 17:33:18,769] - [INFO] - Summarizing perturbations across chr2R, GAF...
[2022-08-04 17:33:45,766] - [INFO] - Summarizing perturbations across chr2R, Twi...
[2022-08-04 17:34:12,754] - [INFO] - Summarizing perturbations across chr2R, Zld...
[2022-08-04 17:34:40,175] - [INFO] - Collecting all perturbs into pd.df...
[2022-08-04 17:34:40,231] - [INFO] - Writing perturbs to a .tsv.gz...
[2022-08-04 17:34:41,346] - [INFO] - Generating perturbations from chr3L...
[2022-08-04 17:49:42,846] - [INFO] - Collecting perturbations togetherchr3L...
[2022-08-04 17:49:58,396] - [INFO] - Summarizing perturbations from chr3L...
[2022-08-04 17:49:58,400] - [INFO] - Summarizing perturbations across chr3L, Bcd...
[2022-08-04 17:50:28,649] - [INFO] - Summarizing perturbations across chr3L, Cad...
[2022-08-04 17:50:58,817] - [INFO] - Summarizing perturbations across chr3L, Dl...
[2022-08-04 17:51:29,024] - [INFO] - Summarizing perturbations across chr3L, GAF...
[2022-08-04 17:51:59,207] - [INFO] - Summarizing perturbations across chr3L, Twi...
[2022-08-04 17:52:29,399] - [INFO] - Summarizing perturbations across chr3L, Zld...
[2022-08-04 17:52:59,955] - [INFO] - Collecting all perturbs into pd.df...
[2022-08-04 17:53:00,016] - [INFO] - Writing perturbs to a .tsv.gz...
[2022-08-04 17:53:01,295] - [INFO] - Generating perturbations from chr3R...
[2022-08-04 18:10:16,666] - [INFO] - Collecting perturbations togetherchr3R...
[2022-08-04 18:10:34,890] - [INFO] - Summarizing perturbations from chr3R...
[2022-08-04 18:10:34,895] - [INFO] - Summarizing perturbations across chr3R, Bcd...
[2022-08-04 18:11:09,943] - [INFO] - Summarizing perturbations across chr3R, Cad...
[2022-08-04 18:11:45,016] - [INFO] - Summarizing perturbations across chr3R, Dl...
[2022-08-04 18:12:20,378] - [INFO] - Summarizing perturbations across chr3R, GAF...
[2022-08-04 18:12:56,494] - [INFO] - Summarizing perturbations across chr3R, Twi...
[2022-08-04 18:13:33,719] - [INFO] - Summarizing perturbations across chr3R, Zld...
[2022-08-04 18:14:11,062] - [INFO] - Collecting all perturbs into pd.df...
[2022-08-04 18:14:11,126] - [INFO] - Writing perturbs to a .tsv.gz...
[2022-08-04 18:14:12,572] - [INFO] - Generating perturbations from chr4...
[2022-08-04 18:15:01,523] - [INFO] - Collecting perturbations togetherchr4...
[2022-08-04 18:15:02,223] - [INFO] - Summarizing perturbations from chr4...
[2022-08-04 18:15:02,226] - [INFO] - Summarizing perturbations across chr4, Bcd...
[2022-08-04 18:15:03,553] - [INFO] - Summarizing perturbations across chr4, Cad...
[2022-08-04 18:15:04,867] - [INFO] - Summarizing perturbations across chr4, Dl...
[2022-08-04 18:15:06,190] - [INFO] - Summarizing perturbations across chr4, GAF...
[2022-08-04 18:15:07,505] - [INFO] - Summarizing perturbations across chr4, Twi...
[2022-08-04 18:15:08,808] - [INFO] - Summarizing perturbations across chr4, Zld...
[2022-08-04 18:15:10,114] - [INFO] - Collecting all perturbs into pd.df...
[2022-08-04 18:15:10,128] - [INFO] - Writing perturbs to a .tsv.gz...
[2022-08-04 18:15:10,187] - [INFO] - Generating perturbations from chrX...
[2022-08-04 18:27:50,711] - [INFO] - Collecting perturbations togetherchrX...
[2022-08-04 18:28:04,178] - [INFO] - Summarizing perturbations from chrX...
[2022-08-04 18:28:04,180] - [INFO] - Summarizing perturbations across chrX, Bcd...
[2022-08-04 18:28:30,110] - [INFO] - Summarizing perturbations across chrX, Cad...
[2022-08-04 18:28:56,118] - [INFO] - Summarizing perturbations across chrX, Dl...
[2022-08-04 18:29:22,402] - [INFO] - Summarizing perturbations across chrX, GAF...
[2022-08-04 18:29:48,400] - [INFO] - Summarizing perturbations across chrX, Twi...
[2022-08-04 18:30:14,434] - [INFO] - Summarizing perturbations across chrX, Zld...
[2022-08-04 18:30:40,374] - [INFO] - Collecting all perturbs into pd.df...
[2022-08-04 18:30:40,425] - [INFO] - Writing perturbs to a .tsv.gz...
